{"C:\\Users\\eloy\\Desktop\\tfg\\game-security-project\\gi\\Game_security_frontend\\src\\App.js": {"path":"C:\\Users\\eloy\\Desktop\\tfg\\game-security-project\\gi\\Game_security_frontend\\src\\App.js","statementMap":{"0":{"start":{"line":24,"column":14},"end":{"line":33,"column":2}},"1":{"start":{"line":35,"column":2},"end":{"line":66,"column":4}}},"fnMap":{"0":{"name":"App","decl":{"start":{"line":34,"column":9},"end":{"line":34,"column":12}},"loc":{"start":{"line":34,"column":15},"end":{"line":67,"column":1}},"line":34}},"branchMap":{},"s":{"0":0,"1":0},"f":{"0":0},"b":{}}
,"C:\\Users\\eloy\\Desktop\\tfg\\game-security-project\\gi\\Game_security_frontend\\src\\index.js": {"path":"C:\\Users\\eloy\\Desktop\\tfg\\game-security-project\\gi\\Game_security_frontend\\src\\index.js","statementMap":{"0":{"start":{"line":8,"column":18},"end":{"line":8,"column":49}},"1":{"start":{"line":11,"column":13},"end":{"line":11,"column":34}},"2":{"start":{"line":14,"column":0},"end":{"line":18,"column":2}}},"fnMap":{},"branchMap":{},"s":{"0":0,"1":0,"2":0},"f":{},"b":{}}
,"C:\\Users\\eloy\\Desktop\\tfg\\game-security-project\\gi\\Game_security_frontend\\src\\components\\ProductHero.tsx": {"path":"C:\\Users\\eloy\\Desktop\\tfg\\game-security-project\\gi\\Game_security_frontend\\src\\components\\ProductHero.tsx","statementMap":{"0":{"start":{"line":11,"column":19},"end":{"line":11,"column":42}},"1":{"start":{"line":12,"column":19},"end":{"line":12,"column":32}},"2":{"start":{"line":15,"column":2},"end":{"line":79,"column":4}}},"fnMap":{"0":{"name":"ProductHero","decl":{"start":{"line":10,"column":24},"end":{"line":10,"column":35}},"loc":{"start":{"line":10,"column":38},"end":{"line":80,"column":1}},"line":10}},"branchMap":{"0":{"loc":{"start":{"line":30,"column":7},"end":{"line":77,"column":7}},"type":"cond-expr","locations":[{"start":{"line":31,"column":8},"end":{"line":48,"column":10}},{"start":{"line":50,"column":8},"end":{"line":76,"column":11}}],"line":30}},"s":{"0":3,"1":3,"2":3},"f":{"0":3},"b":{"0":[1,2]},"_coverageSchema":"1a1c01bbd47fc00a2c39e90264f33305004495a9","hash":"35295ac15ca8a58b12c6e976677d1015744fa8a7"}
,"C:\\Users\\eloy\\Desktop\\tfg\\game-security-project\\gi\\Game_security_frontend\\src\\components\\ProductHeroLayout.tsx": {"path":"C:\\Users\\eloy\\Desktop\\tfg\\game-security-project\\gi\\Game_security_frontend\\src\\components\\ProductHeroLayout.tsx","statementMap":{"0":{"start":{"line":7,"column":30},"end":{"line":17,"column":3}},"1":{"start":{"line":7,"column":64},"end":{"line":17,"column":1}},"2":{"start":{"line":19,"column":19},"end":{"line":28,"column":2}},"3":{"start":{"line":37,"column":37},"end":{"line":37,"column":42}},"4":{"start":{"line":39,"column":2},"end":{"line":68,"column":4}}},"fnMap":{"0":{"name":"(anonymous_0)","decl":{"start":{"line":7,"column":48},"end":{"line":7,"column":49}},"loc":{"start":{"line":7,"column":64},"end":{"line":17,"column":1}},"line":7},"1":{"name":"ProductHeroLayout","decl":{"start":{"line":34,"column":24},"end":{"line":34,"column":41}},"loc":{"start":{"line":36,"column":2},"end":{"line":69,"column":1}},"line":36}},"branchMap":{},"s":{"0":2,"1":4,"2":2,"3":4,"4":4},"f":{"0":4,"1":4},"b":{},"_coverageSchema":"1a1c01bbd47fc00a2c39e90264f33305004495a9","hash":"643ec40e0d54a8296e960c3d4b481e278a365419"}
,"C:\\Users\\eloy\\Desktop\\tfg\\game-security-project\\gi\\Game_security_frontend\\src\\components\\header.tsx": {"path":"C:\\Users\\eloy\\Desktop\\tfg\\game-security-project\\gi\\Game_security_frontend\\src\\components\\header.tsx","statementMap":{"0":{"start":{"line":20,"column":27},"end":{"line":20,"column":50}},"1":{"start":{"line":21,"column":19},"end":{"line":21,"column":32}},"2":{"start":{"line":22,"column":38},"end":{"line":22,"column":53}},"3":{"start":{"line":24,"column":23},"end":{"line":27,"column":3}},"4":{"start":{"line":25,"column":4},"end":{"line":25,"column":13}},"5":{"start":{"line":26,"column":4},"end":{"line":26,"column":18}},"6":{"start":{"line":29,"column":27},"end":{"line":31,"column":3}},"7":{"start":{"line":30,"column":4},"end":{"line":30,"column":24}},"8":{"start":{"line":33,"column":28},"end":{"line":35,"column":3}},"9":{"start":{"line":34,"column":4},"end":{"line":34,"column":25}},"10":{"start":{"line":37,"column":29},"end":{"line":40,"column":3}},"11":{"start":{"line":38,"column":4},"end":{"line":38,"column":24}},"12":{"start":{"line":39,"column":4},"end":{"line":39,"column":24}},"13":{"start":{"line":42,"column":22},"end":{"line":47,"column":3}},"14":{"start":{"line":43,"column":4},"end":{"line":43,"column":25}},"15":{"start":{"line":43,"column":15},"end":{"line":43,"column":25}},"16":{"start":{"line":44,"column":18},"end":{"line":44,"column":33}},"17":{"start":{"line":45,"column":21},"end":{"line":45,"column":70}},"18":{"start":{"line":45,"column":39},"end":{"line":45,"column":46}},"19":{"start":{"line":46,"column":4},"end":{"line":46,"column":36}},"20":{"start":{"line":49,"column":2},"end":{"line":129,"column":4}},"21":{"start":{"line":68,"column":27},"end":{"line":68,"column":40}},"22":{"start":{"line":111,"column":46},"end":{"line":111,"column":68}},"23":{"start":{"line":118,"column":44},"end":{"line":118,"column":67}}},"fnMap":{"0":{"name":"ButtonAppBar","decl":{"start":{"line":19,"column":24},"end":{"line":19,"column":36}},"loc":{"start":{"line":19,"column":39},"end":{"line":130,"column":1}},"line":19},"1":{"name":"(anonymous_1)","decl":{"start":{"line":24,"column":23},"end":{"line":24,"column":24}},"loc":{"start":{"line":24,"column":29},"end":{"line":27,"column":3}},"line":24},"2":{"name":"(anonymous_2)","decl":{"start":{"line":29,"column":27},"end":{"line":29,"column":28}},"loc":{"start":{"line":29,"column":33},"end":{"line":31,"column":3}},"line":29},"3":{"name":"(anonymous_3)","decl":{"start":{"line":33,"column":28},"end":{"line":33,"column":29}},"loc":{"start":{"line":33,"column":34},"end":{"line":35,"column":3}},"line":33},"4":{"name":"(anonymous_4)","decl":{"start":{"line":37,"column":29},"end":{"line":37,"column":30}},"loc":{"start":{"line":37,"column":35},"end":{"line":40,"column":3}},"line":37},"5":{"name":"(anonymous_5)","decl":{"start":{"line":42,"column":22},"end":{"line":42,"column":23}},"loc":{"start":{"line":42,"column":40},"end":{"line":47,"column":3}},"line":42},"6":{"name":"(anonymous_6)","decl":{"start":{"line":45,"column":31},"end":{"line":45,"column":32}},"loc":{"start":{"line":45,"column":39},"end":{"line":45,"column":46}},"line":45},"7":{"name":"(anonymous_7)","decl":{"start":{"line":68,"column":21},"end":{"line":68,"column":22}},"loc":{"start":{"line":68,"column":27},"end":{"line":68,"column":40}},"line":68},"8":{"name":"(anonymous_8)","decl":{"start":{"line":111,"column":40},"end":{"line":111,"column":41}},"loc":{"start":{"line":111,"column":46},"end":{"line":111,"column":68}},"line":111},"9":{"name":"(anonymous_9)","decl":{"start":{"line":118,"column":38},"end":{"line":118,"column":39}},"loc":{"start":{"line":118,"column":44},"end":{"line":118,"column":67}},"line":118}},"branchMap":{"0":{"loc":{"start":{"line":43,"column":4},"end":{"line":43,"column":25}},"type":"if","locations":[{"start":{"line":43,"column":4},"end":{"line":43,"column":25}},{"start":{},"end":{}}],"line":43},"1":{"loc":{"start":{"line":53,"column":11},"end":{"line":66,"column":11}},"type":"binary-expr","locations":[{"start":{"line":53,"column":11},"end":{"line":53,"column":15}},{"start":{"line":54,"column":12},"end":{"line":65,"column":15}}],"line":53},"2":{"loc":{"start":{"line":84,"column":11},"end":{"line":95,"column":11}},"type":"cond-expr","locations":[{"start":{"line":85,"column":12},"end":{"line":92,"column":18}},{"start":{"line":94,"column":12},"end":{"line":94,"column":65}}],"line":84},"3":{"loc":{"start":{"line":110,"column":13},"end":{"line":114,"column":13}},"type":"binary-expr","locations":[{"start":{"line":110,"column":13},"end":{"line":110,"column":31}},{"start":{"line":111,"column":14},"end":{"line":113,"column":25}}],"line":110}},"s":{"0":75,"1":75,"2":75,"3":75,"4":1,"5":1,"6":75,"7":3,"8":75,"9":4,"10":75,"11":1,"12":1,"13":75,"14":73,"15":61,"16":12,"17":12,"18":22,"19":12,"20":75,"21":0,"22":0,"23":0},"f":{"0":75,"1":1,"2":3,"3":4,"4":1,"5":73,"6":22,"7":0,"8":0,"9":0},"b":{"0":[61,12],"1":[75,73],"2":[73,2],"3":[75,2]},"_coverageSchema":"1a1c01bbd47fc00a2c39e90264f33305004495a9","hash":"4f3e687ec3e6cfaa4e446561d1eaa601b06e92fd"}
,"C:\\Users\\eloy\\Desktop\\tfg\\game-security-project\\gi\\Game_security_frontend\\src\\components\\netComponet.js": {"path":"C:\\Users\\eloy\\Desktop\\tfg\\game-security-project\\gi\\Game_security_frontend\\src\\components\\netComponet.js","statementMap":{"0":{"start":{"line":6,"column":23},"end":{"line":26,"column":1}},"1":{"start":{"line":7,"column":19},"end":{"line":7,"column":31}},"2":{"start":{"line":9,"column":2},"end":{"line":22,"column":6}},"3":{"start":{"line":10,"column":4},"end":{"line":21,"column":6}},"4":{"start":{"line":25,"column":2},"end":{"line":25,"column":72}}},"fnMap":{"0":{"name":"(anonymous_0)","decl":{"start":{"line":6,"column":23},"end":{"line":6,"column":24}},"loc":{"start":{"line":6,"column":29},"end":{"line":26,"column":1}},"line":6},"1":{"name":"(anonymous_1)","decl":{"start":{"line":9,"column":12},"end":{"line":9,"column":13}},"loc":{"start":{"line":9,"column":18},"end":{"line":22,"column":1}},"line":9}},"branchMap":{},"s":{"0":2,"1":17,"2":17,"3":5,"4":17},"f":{"0":17,"1":5},"b":{},"_coverageSchema":"1a1c01bbd47fc00a2c39e90264f33305004495a9","hash":"c4f4bd36ae54c688cf6d13a012b41e26c917cbc4"}
,"C:\\Users\\eloy\\Desktop\\tfg\\game-security-project\\gi\\Game_security_frontend\\src\\context\\authContext.js": {"path":"C:\\Users\\eloy\\Desktop\\tfg\\game-security-project\\gi\\Game_security_frontend\\src\\context\\authContext.js","statementMap":{"0":{"start":{"line":4,"column":20},"end":{"line":4,"column":35}},"1":{"start":{"line":6,"column":28},"end":{"line":87,"column":1}},"2":{"start":{"line":7,"column":26},"end":{"line":7,"column":40}},"3":{"start":{"line":8,"column":32},"end":{"line":8,"column":46}},"4":{"start":{"line":10,"column":2},"end":{"line":25,"column":9}},"5":{"start":{"line":11,"column":18},"end":{"line":11,"column":47}},"6":{"start":{"line":12,"column":21},"end":{"line":12,"column":53}},"7":{"start":{"line":14,"column":4},"end":{"line":23,"column":5}},"8":{"start":{"line":15,"column":6},"end":{"line":22,"column":7}},"9":{"start":{"line":16,"column":31},"end":{"line":16,"column":51}},"10":{"start":{"line":17,"column":8},"end":{"line":17,"column":46}},"11":{"start":{"line":19,"column":8},"end":{"line":19,"column":74}},"12":{"start":{"line":20,"column":8},"end":{"line":20,"column":44}},"13":{"start":{"line":21,"column":8},"end":{"line":21,"column":41}},"14":{"start":{"line":24,"column":4},"end":{"line":24,"column":22}},"15":{"start":{"line":27,"column":19},"end":{"line":41,"column":3}},"16":{"start":{"line":28,"column":4},"end":{"line":40,"column":5}},"17":{"start":{"line":29,"column":23},"end":{"line":29,"column":93}},"18":{"start":{"line":30,"column":36},"end":{"line":30,"column":49}},"19":{"start":{"line":32,"column":6},"end":{"line":36,"column":7}},"20":{"start":{"line":33,"column":8},"end":{"line":33,"column":45}},"21":{"start":{"line":34,"column":8},"end":{"line":34,"column":63}},"22":{"start":{"line":35,"column":8},"end":{"line":35,"column":36}},"23":{"start":{"line":38,"column":6},"end":{"line":38,"column":73}},"24":{"start":{"line":39,"column":6},"end":{"line":39,"column":51}},"25":{"start":{"line":43,"column":16},"end":{"line":57,"column":3}},"26":{"start":{"line":44,"column":4},"end":{"line":56,"column":5}},"27":{"start":{"line":45,"column":23},"end":{"line":45,"column":93}},"28":{"start":{"line":46,"column":36},"end":{"line":46,"column":49}},"29":{"start":{"line":48,"column":6},"end":{"line":52,"column":7}},"30":{"start":{"line":49,"column":8},"end":{"line":49,"column":45}},"31":{"start":{"line":50,"column":8},"end":{"line":50,"column":63}},"32":{"start":{"line":51,"column":8},"end":{"line":51,"column":36}},"33":{"start":{"line":54,"column":6},"end":{"line":54,"column":66}},"34":{"start":{"line":55,"column":6},"end":{"line":55,"column":51}},"35":{"start":{"line":59,"column":17},"end":{"line":63,"column":3}},"36":{"start":{"line":60,"column":4},"end":{"line":60,"column":37}},"37":{"start":{"line":61,"column":4},"end":{"line":61,"column":40}},"38":{"start":{"line":62,"column":4},"end":{"line":62,"column":18}},"39":{"start":{"line":65,"column":21},"end":{"line":80,"column":3}},"40":{"start":{"line":66,"column":4},"end":{"line":79,"column":5}},"41":{"start":{"line":67,"column":23},"end":{"line":71,"column":8}},"42":{"start":{"line":72,"column":43},"end":{"line":72,"column":56}},"43":{"start":{"line":73,"column":6},"end":{"line":73,"column":43}},"44":{"start":{"line":74,"column":6},"end":{"line":74,"column":68}},"45":{"start":{"line":75,"column":6},"end":{"line":75,"column":41}},"46":{"start":{"line":77,"column":6},"end":{"line":77,"column":69}},"47":{"start":{"line":78,"column":6},"end":{"line":78,"column":79}},"48":{"start":{"line":82,"column":2},"end":{"line":86,"column":4}}},"fnMap":{"0":{"name":"(anonymous_0)","decl":{"start":{"line":6,"column":28},"end":{"line":6,"column":29}},"loc":{"start":{"line":6,"column":46},"end":{"line":87,"column":1}},"line":6},"1":{"name":"(anonymous_1)","decl":{"start":{"line":10,"column":12},"end":{"line":10,"column":13}},"loc":{"start":{"line":10,"column":18},"end":{"line":25,"column":3}},"line":10},"2":{"name":"(anonymous_2)","decl":{"start":{"line":27,"column":19},"end":{"line":27,"column":20}},"loc":{"start":{"line":27,"column":39},"end":{"line":41,"column":3}},"line":27},"3":{"name":"(anonymous_3)","decl":{"start":{"line":43,"column":16},"end":{"line":43,"column":17}},"loc":{"start":{"line":43,"column":39},"end":{"line":57,"column":3}},"line":43},"4":{"name":"(anonymous_4)","decl":{"start":{"line":59,"column":17},"end":{"line":59,"column":18}},"loc":{"start":{"line":59,"column":23},"end":{"line":63,"column":3}},"line":59},"5":{"name":"(anonymous_5)","decl":{"start":{"line":65,"column":21},"end":{"line":65,"column":22}},"loc":{"start":{"line":65,"column":44},"end":{"line":80,"column":3}},"line":65}},"branchMap":{"0":{"loc":{"start":{"line":14,"column":4},"end":{"line":23,"column":5}},"type":"if","locations":[{"start":{"line":14,"column":4},"end":{"line":23,"column":5}},{"start":{},"end":{}}],"line":14},"1":{"loc":{"start":{"line":14,"column":8},"end":{"line":14,"column":25}},"type":"binary-expr","locations":[{"start":{"line":14,"column":8},"end":{"line":14,"column":13}},{"start":{"line":14,"column":17},"end":{"line":14,"column":25}}],"line":14},"2":{"loc":{"start":{"line":32,"column":6},"end":{"line":36,"column":7}},"type":"if","locations":[{"start":{"line":32,"column":6},"end":{"line":36,"column":7}},{"start":{},"end":{}}],"line":32},"3":{"loc":{"start":{"line":48,"column":6},"end":{"line":52,"column":7}},"type":"if","locations":[{"start":{"line":48,"column":6},"end":{"line":52,"column":7}},{"start":{},"end":{}}],"line":48},"4":{"loc":{"start":{"line":78,"column":22},"end":{"line":78,"column":77}},"type":"binary-expr","locations":[{"start":{"line":78,"column":22},"end":{"line":78,"column":51}},{"start":{"line":78,"column":55},"end":{"line":78,"column":77}}],"line":78}},"s":{"0":13,"1":13,"2":14,"3":14,"4":14,"5":5,"6":5,"7":5,"8":3,"9":3,"10":3,"11":0,"12":0,"13":0,"14":5,"15":14,"16":1,"17":1,"18":1,"19":1,"20":1,"21":1,"22":1,"23":0,"24":0,"25":14,"26":1,"27":1,"28":1,"29":1,"30":1,"31":1,"32":1,"33":0,"34":0,"35":14,"36":1,"37":1,"38":1,"39":14,"40":1,"41":1,"42":1,"43":1,"44":1,"45":1,"46":0,"47":0,"48":14},"f":{"0":14,"1":5,"2":1,"3":1,"4":1,"5":1},"b":{"0":[3,2],"1":[5,3],"2":[1,0],"3":[1,0],"4":[0,0]},"_coverageSchema":"1a1c01bbd47fc00a2c39e90264f33305004495a9","hash":"87787fbb90ffd8dbf2de5eb8971e50b3622c0812"}
,"C:\\Users\\eloy\\Desktop\\tfg\\game-security-project\\gi\\Game_security_frontend\\src\\pages\\Home.js": {"path":"C:\\Users\\eloy\\Desktop\\tfg\\game-security-project\\gi\\Game_security_frontend\\src\\pages\\Home.js","statementMap":{"0":{"start":{"line":9,"column":13},"end":{"line":21,"column":1}},"1":{"start":{"line":10,"column":27},"end":{"line":10,"column":50}},"2":{"start":{"line":11,"column":19},"end":{"line":11,"column":32}},"3":{"start":{"line":14,"column":2},"end":{"line":20,"column":4}}},"fnMap":{"0":{"name":"(anonymous_0)","decl":{"start":{"line":9,"column":13},"end":{"line":9,"column":14}},"loc":{"start":{"line":9,"column":19},"end":{"line":21,"column":1}},"line":9}},"branchMap":{},"s":{"0":0,"1":0,"2":0,"3":0},"f":{"0":0},"b":{}}
,"C:\\Users\\eloy\\Desktop\\tfg\\game-security-project\\gi\\Game_security_frontend\\src\\pages\\Login.js": {"path":"C:\\Users\\eloy\\Desktop\\tfg\\game-security-project\\gi\\Game_security_frontend\\src\\pages\\Login.js","statementMap":{"0":{"start":{"line":22,"column":2},"end":{"line":31,"column":4}},"1":{"start":{"line":34,"column":21},"end":{"line":34,"column":34}},"2":{"start":{"line":37,"column":52},"end":{"line":37,"column":64}},"3":{"start":{"line":38,"column":38},"end":{"line":38,"column":50}},"4":{"start":{"line":39,"column":20},"end":{"line":39,"column":43}},"5":{"start":{"line":40,"column":19},"end":{"line":40,"column":32}},"6":{"start":{"line":42,"column":23},"end":{"line":51,"column":3}},"7":{"start":{"line":43,"column":4},"end":{"line":43,"column":27}},"8":{"start":{"line":44,"column":4},"end":{"line":50,"column":5}},"9":{"start":{"line":45,"column":6},"end":{"line":45,"column":73}},"10":{"start":{"line":46,"column":6},"end":{"line":46,"column":20}},"11":{"start":{"line":48,"column":6},"end":{"line":48,"column":81}},"12":{"start":{"line":49,"column":6},"end":{"line":49,"column":84}},"13":{"start":{"line":53,"column":2},"end":{"line":211,"column":4}},"14":{"start":{"line":84,"column":59},"end":{"line":84,"column":71}},"15":{"start":{"line":108,"column":35},"end":{"line":108,"column":71}},"16":{"start":{"line":148,"column":35},"end":{"line":148,"column":64}}},"fnMap":{"0":{"name":"Copyright","decl":{"start":{"line":21,"column":9},"end":{"line":21,"column":18}},"loc":{"start":{"line":21,"column":26},"end":{"line":32,"column":1}},"line":21},"1":{"name":"SignInSide","decl":{"start":{"line":36,"column":24},"end":{"line":36,"column":34}},"loc":{"start":{"line":36,"column":37},"end":{"line":212,"column":1}},"line":36},"2":{"name":"(anonymous_2)","decl":{"start":{"line":42,"column":23},"end":{"line":42,"column":24}},"loc":{"start":{"line":42,"column":40},"end":{"line":51,"column":3}},"line":42},"3":{"name":"(anonymous_3)","decl":{"start":{"line":84,"column":53},"end":{"line":84,"column":54}},"loc":{"start":{"line":84,"column":59},"end":{"line":84,"column":71}},"line":84},"4":{"name":"(anonymous_4)","decl":{"start":{"line":108,"column":28},"end":{"line":108,"column":29}},"loc":{"start":{"line":108,"column":35},"end":{"line":108,"column":71}},"line":108},"5":{"name":"(anonymous_5)","decl":{"start":{"line":148,"column":28},"end":{"line":148,"column":29}},"loc":{"start":{"line":148,"column":35},"end":{"line":148,"column":64}},"line":148}},"branchMap":{"0":{"loc":{"start":{"line":48,"column":36},"end":{"line":48,"column":79}},"type":"binary-expr","locations":[{"start":{"line":48,"column":36},"end":{"line":48,"column":49}},{"start":{"line":48,"column":53},"end":{"line":48,"column":79}}],"line":48},"1":{"loc":{"start":{"line":49,"column":43},"end":{"line":49,"column":81}},"type":"binary-expr","locations":[{"start":{"line":49,"column":43},"end":{"line":49,"column":56}},{"start":{"line":49,"column":60},"end":{"line":49,"column":81}}],"line":49}},"s":{"0":4,"1":1,"2":4,"3":4,"4":4,"5":4,"6":4,"7":1,"8":1,"9":1,"10":1,"11":0,"12":0,"13":4,"14":0,"15":1,"16":1},"f":{"0":4,"1":4,"2":1,"3":0,"4":1,"5":1},"b":{"0":[0,0],"1":[0,0]},"_coverageSchema":"1a1c01bbd47fc00a2c39e90264f33305004495a9","hash":"d95d207996d51205343fd9fb50048ae15484ae07"}
,"C:\\Users\\eloy\\Desktop\\tfg\\game-security-project\\gi\\Game_security_frontend\\src\\pages\\PhaseDetails.js": {"path":"C:\\Users\\eloy\\Desktop\\tfg\\game-security-project\\gi\\Game_security_frontend\\src\\pages\\PhaseDetails.js","statementMap":{"0":{"start":{"line":9,"column":21},"end":{"line":71,"column":1}},"1":{"start":{"line":10,"column":22},"end":{"line":10,"column":33}},"2":{"start":{"line":11,"column":26},"end":{"line":11,"column":40}},"3":{"start":{"line":12,"column":32},"end":{"line":12,"column":46}},"4":{"start":{"line":13,"column":19},"end":{"line":13,"column":32}},"5":{"start":{"line":15,"column":2},"end":{"line":28,"column":16}},"6":{"start":{"line":16,"column":28},"end":{"line":25,"column":5}},"7":{"start":{"line":17,"column":6},"end":{"line":24,"column":7}},"8":{"start":{"line":18,"column":25},"end":{"line":18,"column":86}},"9":{"start":{"line":19,"column":8},"end":{"line":19,"column":31}},"10":{"start":{"line":21,"column":8},"end":{"line":21,"column":53}},"11":{"start":{"line":23,"column":8},"end":{"line":23,"column":26}},"12":{"start":{"line":27,"column":4},"end":{"line":27,"column":22}},"13":{"start":{"line":30,"column":22},"end":{"line":32,"column":3}},"14":{"start":{"line":31,"column":4},"end":{"line":31,"column":40}},"15":{"start":{"line":34,"column":2},"end":{"line":36,"column":3}},"16":{"start":{"line":35,"column":4},"end":{"line":35,"column":32}},"17":{"start":{"line":38,"column":2},"end":{"line":40,"column":3}},"18":{"start":{"line":39,"column":4},"end":{"line":39,"column":68}},"19":{"start":{"line":42,"column":2},"end":{"line":70,"column":4}},"20":{"start":{"line":46,"column":51},"end":{"line":46,"column":63}},"21":{"start":{"line":54,"column":12},"end":{"line":65,"column":23}}},"fnMap":{"0":{"name":"(anonymous_0)","decl":{"start":{"line":9,"column":21},"end":{"line":9,"column":22}},"loc":{"start":{"line":9,"column":27},"end":{"line":71,"column":1}},"line":9},"1":{"name":"(anonymous_1)","decl":{"start":{"line":15,"column":12},"end":{"line":15,"column":13}},"loc":{"start":{"line":15,"column":18},"end":{"line":28,"column":3}},"line":15},"2":{"name":"(anonymous_2)","decl":{"start":{"line":16,"column":28},"end":{"line":16,"column":29}},"loc":{"start":{"line":16,"column":40},"end":{"line":25,"column":5}},"line":16},"3":{"name":"(anonymous_3)","decl":{"start":{"line":30,"column":22},"end":{"line":30,"column":23}},"loc":{"start":{"line":30,"column":44},"end":{"line":32,"column":3}},"line":30},"4":{"name":"(anonymous_4)","decl":{"start":{"line":46,"column":45},"end":{"line":46,"column":46}},"loc":{"start":{"line":46,"column":51},"end":{"line":46,"column":63}},"line":46},"5":{"name":"(anonymous_5)","decl":{"start":{"line":53,"column":29},"end":{"line":53,"column":30}},"loc":{"start":{"line":54,"column":12},"end":{"line":65,"column":23}},"line":54}},"branchMap":{"0":{"loc":{"start":{"line":34,"column":2},"end":{"line":36,"column":3}},"type":"if","locations":[{"start":{"line":34,"column":2},"end":{"line":36,"column":3}},{"start":{},"end":{}}],"line":34},"1":{"loc":{"start":{"line":38,"column":2},"end":{"line":40,"column":3}},"type":"if","locations":[{"start":{"line":38,"column":2},"end":{"line":40,"column":3}},{"start":{},"end":{}}],"line":38}},"s":{"0":1,"1":8,"2":8,"3":7,"4":7,"5":7,"6":4,"7":4,"8":4,"9":2,"10":2,"11":4,"12":4,"13":7,"14":2,"15":7,"16":4,"17":3,"18":1,"19":2,"20":1,"21":2},"f":{"0":8,"1":4,"2":4,"3":2,"4":1,"5":2},"b":{"0":[4,3],"1":[1,2]},"_coverageSchema":"1a1c01bbd47fc00a2c39e90264f33305004495a9","hash":"9b3a17af48c316f933ef5797923957a7a25a96ff"}
,"C:\\Users\\eloy\\Desktop\\tfg\\game-security-project\\gi\\Game_security_frontend\\src\\pages\\PhaseList.js": {"path":"C:\\Users\\eloy\\Desktop\\tfg\\game-security-project\\gi\\Game_security_frontend\\src\\pages\\PhaseList.js","statementMap":{"0":{"start":{"line":7,"column":18},"end":{"line":58,"column":1}},"1":{"start":{"line":8,"column":30},"end":{"line":8,"column":42}},"2":{"start":{"line":9,"column":32},"end":{"line":9,"column":46}},"3":{"start":{"line":10,"column":19},"end":{"line":10,"column":32}},"4":{"start":{"line":12,"column":2},"end":{"line":25,"column":9}},"5":{"start":{"line":13,"column":24},"end":{"line":22,"column":5}},"6":{"start":{"line":14,"column":6},"end":{"line":21,"column":7}},"7":{"start":{"line":15,"column":25},"end":{"line":15,"column":75}},"8":{"start":{"line":16,"column":8},"end":{"line":16,"column":33}},"9":{"start":{"line":18,"column":8},"end":{"line":18,"column":53}},"10":{"start":{"line":20,"column":8},"end":{"line":20,"column":26}},"11":{"start":{"line":24,"column":4},"end":{"line":24,"column":18}},"12":{"start":{"line":27,"column":2},"end":{"line":29,"column":3}},"13":{"start":{"line":28,"column":4},"end":{"line":28,"column":32}},"14":{"start":{"line":31,"column":2},"end":{"line":57,"column":12}},"15":{"start":{"line":35,"column":47},"end":{"line":35,"column":59}},"16":{"start":{"line":43,"column":10},"end":{"line":53,"column":21}},"17":{"start":{"line":47,"column":27},"end":{"line":47,"column":60}}},"fnMap":{"0":{"name":"(anonymous_0)","decl":{"start":{"line":7,"column":18},"end":{"line":7,"column":19}},"loc":{"start":{"line":7,"column":24},"end":{"line":58,"column":1}},"line":7},"1":{"name":"(anonymous_1)","decl":{"start":{"line":12,"column":12},"end":{"line":12,"column":13}},"loc":{"start":{"line":12,"column":18},"end":{"line":25,"column":3}},"line":12},"2":{"name":"(anonymous_2)","decl":{"start":{"line":13,"column":24},"end":{"line":13,"column":25}},"loc":{"start":{"line":13,"column":36},"end":{"line":22,"column":5}},"line":13},"3":{"name":"(anonymous_3)","decl":{"start":{"line":35,"column":41},"end":{"line":35,"column":42}},"loc":{"start":{"line":35,"column":47},"end":{"line":35,"column":59}},"line":35},"4":{"name":"(anonymous_4)","decl":{"start":{"line":42,"column":20},"end":{"line":42,"column":21}},"loc":{"start":{"line":43,"column":10},"end":{"line":53,"column":21}},"line":43},"5":{"name":"(anonymous_5)","decl":{"start":{"line":47,"column":21},"end":{"line":47,"column":22}},"loc":{"start":{"line":47,"column":27},"end":{"line":47,"column":60}},"line":47}},"branchMap":{"0":{"loc":{"start":{"line":27,"column":2},"end":{"line":29,"column":3}},"type":"if","locations":[{"start":{"line":27,"column":2},"end":{"line":29,"column":3}},{"start":{},"end":{}}],"line":27}},"s":{"0":1,"1":10,"2":9,"3":9,"4":9,"5":5,"6":5,"7":5,"8":3,"9":2,"10":5,"11":5,"12":9,"13":5,"14":4,"15":1,"16":6,"17":1},"f":{"0":10,"1":5,"2":5,"3":1,"4":6,"5":1},"b":{"0":[5,4]},"_coverageSchema":"1a1c01bbd47fc00a2c39e90264f33305004495a9","hash":"160416ae8079e9b139f0b63a289864308f35283e"}
,"C:\\Users\\eloy\\Desktop\\tfg\\game-security-project\\gi\\Game_security_frontend\\src\\pages\\Register.js": {"path":"C:\\Users\\eloy\\Desktop\\tfg\\game-security-project\\gi\\Game_security_frontend\\src\\pages\\Register.js","statementMap":{"0":{"start":{"line":23,"column":2},"end":{"line":32,"column":4}},"1":{"start":{"line":35,"column":21},"end":{"line":35,"column":34}},"2":{"start":{"line":38,"column":23},"end":{"line":38,"column":46}},"3":{"start":{"line":39,"column":19},"end":{"line":39,"column":32}},"4":{"start":{"line":41,"column":34},"end":{"line":47,"column":4}},"5":{"start":{"line":49,"column":23},"end":{"line":58,"column":3}},"6":{"start":{"line":50,"column":4},"end":{"line":50,"column":27}},"7":{"start":{"line":51,"column":4},"end":{"line":57,"column":5}},"8":{"start":{"line":52,"column":6},"end":{"line":52,"column":31}},"9":{"start":{"line":53,"column":6},"end":{"line":53,"column":20}},"10":{"start":{"line":55,"column":6},"end":{"line":55,"column":83}},"11":{"start":{"line":56,"column":6},"end":{"line":56,"column":79}},"12":{"start":{"line":60,"column":23},"end":{"line":62,"column":3}},"13":{"start":{"line":61,"column":4},"end":{"line":61,"column":66}},"14":{"start":{"line":64,"column":2},"end":{"line":250,"column":4}},"15":{"start":{"line":84,"column":59},"end":{"line":84,"column":71}}},"fnMap":{"0":{"name":"Copyright","decl":{"start":{"line":22,"column":9},"end":{"line":22,"column":18}},"loc":{"start":{"line":22,"column":26},"end":{"line":33,"column":1}},"line":22},"1":{"name":"SignUp","decl":{"start":{"line":37,"column":24},"end":{"line":37,"column":30}},"loc":{"start":{"line":37,"column":33},"end":{"line":251,"column":1}},"line":37},"2":{"name":"(anonymous_2)","decl":{"start":{"line":49,"column":23},"end":{"line":49,"column":24}},"loc":{"start":{"line":49,"column":40},"end":{"line":58,"column":3}},"line":49},"3":{"name":"(anonymous_3)","decl":{"start":{"line":60,"column":23},"end":{"line":60,"column":24}},"loc":{"start":{"line":60,"column":30},"end":{"line":62,"column":3}},"line":60},"4":{"name":"(anonymous_4)","decl":{"start":{"line":84,"column":53},"end":{"line":84,"column":54}},"loc":{"start":{"line":84,"column":59},"end":{"line":84,"column":71}},"line":84}},"branchMap":{"0":{"loc":{"start":{"line":55,"column":43},"end":{"line":55,"column":81}},"type":"binary-expr","locations":[{"start":{"line":55,"column":43},"end":{"line":55,"column":56}},{"start":{"line":55,"column":60},"end":{"line":55,"column":81}}],"line":55},"1":{"loc":{"start":{"line":56,"column":38},"end":{"line":56,"column":76}},"type":"binary-expr","locations":[{"start":{"line":56,"column":38},"end":{"line":56,"column":51}},{"start":{"line":56,"column":55},"end":{"line":56,"column":76}}],"line":56}},"s":{"0":13,"1":1,"2":13,"3":13,"4":13,"5":13,"6":2,"7":2,"8":2,"9":1,"10":1,"11":1,"12":13,"13":10,"14":13,"15":0},"f":{"0":13,"1":13,"2":2,"3":10,"4":0},"b":{"0":[1,0],"1":[1,0]},"_coverageSchema":"1a1c01bbd47fc00a2c39e90264f33305004495a9","hash":"0d3b3ea913e5acffc1f630fc7ed3aaf541088ea4"}
,"C:\\Users\\eloy\\Desktop\\tfg\\game-security-project\\gi\\Game_security_frontend\\src\\pages\\challengeDetail.js": {"path":"C:\\Users\\eloy\\Desktop\\tfg\\game-security-project\\gi\\Game_security_frontend\\src\\pages\\challengeDetail.js","statementMap":{"0":{"start":{"line":35,"column":19},"end":{"line":37,"column":2}},"1":{"start":{"line":36,"column":2},"end":{"line":36,"column":55}},"2":{"start":{"line":39,"column":18},"end":{"line":557,"column":1}},"3":{"start":{"line":40,"column":25},"end":{"line":40,"column":36}},"4":{"start":{"line":41,"column":36},"end":{"line":41,"column":50}},"5":{"start":{"line":42,"column":32},"end":{"line":42,"column":46}},"6":{"start":{"line":43,"column":42},"end":{"line":43,"column":54}},"7":{"start":{"line":44,"column":42},"end":{"line":44,"column":53}},"8":{"start":{"line":45,"column":38},"end":{"line":45,"column":53}},"9":{"start":{"line":46,"column":34},"end":{"line":46,"column":46}},"10":{"start":{"line":47,"column":44},"end":{"line":47,"column":59}},"11":{"start":{"line":48,"column":36},"end":{"line":48,"column":47}},"12":{"start":{"line":49,"column":38},"end":{"line":49,"column":52}},"13":{"start":{"line":50,"column":38},"end":{"line":50,"column":53}},"14":{"start":{"line":51,"column":19},"end":{"line":51,"column":42}},"15":{"start":{"line":52,"column":19},"end":{"line":52,"column":32}},"16":{"start":{"line":53,"column":50},"end":{"line":53,"column":65}},"17":{"start":{"line":54,"column":32},"end":{"line":54,"column":44}},"18":{"start":{"line":55,"column":44},"end":{"line":55,"column":56}},"19":{"start":{"line":56,"column":46},"end":{"line":56,"column":58}},"20":{"start":{"line":59,"column":58},"end":{"line":59,"column":70}},"21":{"start":{"line":60,"column":58},"end":{"line":60,"column":73}},"22":{"start":{"line":61,"column":62},"end":{"line":61,"column":73}},"23":{"start":{"line":64,"column":48},"end":{"line":64,"column":60}},"24":{"start":{"line":65,"column":44},"end":{"line":65,"column":59}},"25":{"start":{"line":66,"column":48},"end":{"line":66,"column":59}},"26":{"start":{"line":68,"column":2},"end":{"line":91,"column":19}},"27":{"start":{"line":69,"column":27},"end":{"line":88,"column":5}},"28":{"start":{"line":70,"column":6},"end":{"line":87,"column":7}},"29":{"start":{"line":71,"column":25},"end":{"line":73,"column":9}},"30":{"start":{"line":74,"column":8},"end":{"line":74,"column":36}},"31":{"start":{"line":77,"column":8},"end":{"line":82,"column":9}},"32":{"start":{"line":78,"column":28},"end":{"line":78,"column":92}},"33":{"start":{"line":78,"column":81},"end":{"line":78,"column":91}},"34":{"start":{"line":79,"column":10},"end":{"line":79,"column":41}},"35":{"start":{"line":80,"column":10},"end":{"line":80,"column":46}},"36":{"start":{"line":81,"column":10},"end":{"line":81,"column":36}},"37":{"start":{"line":84,"column":8},"end":{"line":84,"column":58}},"38":{"start":{"line":86,"column":8},"end":{"line":86,"column":26}},"39":{"start":{"line":90,"column":4},"end":{"line":90,"column":21}},"40":{"start":{"line":93,"column":2},"end":{"line":107,"column":22}},"41":{"start":{"line":94,"column":4},"end":{"line":106,"column":5}},"42":{"start":{"line":95,"column":20},"end":{"line":104,"column":14}},"43":{"start":{"line":96,"column":8},"end":{"line":103,"column":11}},"44":{"start":{"line":97,"column":10},"end":{"line":101,"column":11}},"45":{"start":{"line":98,"column":12},"end":{"line":98,"column":35}},"46":{"start":{"line":99,"column":12},"end":{"line":99,"column":33}},"47":{"start":{"line":100,"column":12},"end":{"line":100,"column":21}},"48":{"start":{"line":102,"column":10},"end":{"line":102,"column":26}},"49":{"start":{"line":105,"column":6},"end":{"line":105,"column":40}},"50":{"start":{"line":105,"column":19},"end":{"line":105,"column":39}},"51":{"start":{"line":109,"column":2},"end":{"line":116,"column":9}},"52":{"start":{"line":110,"column":20},"end":{"line":112,"column":12}},"53":{"start":{"line":111,"column":6},"end":{"line":111,"column":39}},"54":{"start":{"line":111,"column":29},"end":{"line":111,"column":37}},"55":{"start":{"line":113,"column":4},"end":{"line":113,"column":27}},"56":{"start":{"line":115,"column":4},"end":{"line":115,"column":40}},"57":{"start":{"line":115,"column":17},"end":{"line":115,"column":39}},"58":{"start":{"line":118,"column":23},"end":{"line":140,"column":3}},"59":{"start":{"line":119,"column":4},"end":{"line":139,"column":5}},"60":{"start":{"line":120,"column":6},"end":{"line":126,"column":7}},"61":{"start":{"line":121,"column":8},"end":{"line":121,"column":28}},"62":{"start":{"line":122,"column":8},"end":{"line":122,"column":34}},"63":{"start":{"line":123,"column":8},"end":{"line":123,"column":25}},"64":{"start":{"line":125,"column":8},"end":{"line":125,"column":48}},"65":{"start":{"line":128,"column":32},"end":{"line":130,"column":55}},"66":{"start":{"line":130,"column":25},"end":{"line":130,"column":54}},"67":{"start":{"line":132,"column":6},"end":{"line":138,"column":7}},"68":{"start":{"line":133,"column":8},"end":{"line":133,"column":28}},"69":{"start":{"line":134,"column":8},"end":{"line":134,"column":34}},"70":{"start":{"line":135,"column":8},"end":{"line":135,"column":25}},"71":{"start":{"line":137,"column":8},"end":{"line":137,"column":48}},"72":{"start":{"line":142,"column":25},"end":{"line":162,"column":3}},"73":{"start":{"line":143,"column":22},"end":{"line":143,"column":27}},"74":{"start":{"line":144,"column":29},"end":{"line":144,"column":31}},"75":{"start":{"line":145,"column":18},"end":{"line":145,"column":71}},"76":{"start":{"line":147,"column":25},"end":{"line":154,"column":5}},"77":{"start":{"line":156,"column":4},"end":{"line":161,"column":5}},"78":{"start":{"line":157,"column":6},"end":{"line":157,"column":75}},"79":{"start":{"line":158,"column":6},"end":{"line":158,"column":26}},"80":{"start":{"line":160,"column":6},"end":{"line":160,"column":58}},"81":{"start":{"line":164,"column":25},"end":{"line":170,"column":3}},"82":{"start":{"line":165,"column":4},"end":{"line":169,"column":5}},"83":{"start":{"line":166,"column":6},"end":{"line":166,"column":42}},"84":{"start":{"line":166,"column":32},"end":{"line":166,"column":40}},"85":{"start":{"line":167,"column":6},"end":{"line":167,"column":30}},"86":{"start":{"line":168,"column":6},"end":{"line":168,"column":22}},"87":{"start":{"line":172,"column":22},"end":{"line":174,"column":3}},"88":{"start":{"line":173,"column":4},"end":{"line":173,"column":25}},"89":{"start":{"line":176,"column":22},"end":{"line":187,"column":3}},"90":{"start":{"line":177,"column":4},"end":{"line":185,"column":5}},"91":{"start":{"line":178,"column":23},"end":{"line":180,"column":7}},"92":{"start":{"line":181,"column":6},"end":{"line":181,"column":45}},"93":{"start":{"line":182,"column":6},"end":{"line":182,"column":36}},"94":{"start":{"line":184,"column":6},"end":{"line":184,"column":66}},"95":{"start":{"line":186,"column":4},"end":{"line":186,"column":25}},"96":{"start":{"line":189,"column":38},"end":{"line":191,"column":3}},"97":{"start":{"line":190,"column":4},"end":{"line":190,"column":35}},"98":{"start":{"line":193,"column":34},"end":{"line":197,"column":3}},"99":{"start":{"line":194,"column":4},"end":{"line":196,"column":5}},"100":{"start":{"line":195,"column":6},"end":{"line":195,"column":60}},"101":{"start":{"line":199,"column":34},"end":{"line":203,"column":3}},"102":{"start":{"line":200,"column":4},"end":{"line":202,"column":5}},"103":{"start":{"line":201,"column":6},"end":{"line":201,"column":60}},"104":{"start":{"line":206,"column":30},"end":{"line":216,"column":3}},"105":{"start":{"line":207,"column":4},"end":{"line":215,"column":5}},"106":{"start":{"line":208,"column":23},"end":{"line":210,"column":7}},"107":{"start":{"line":211,"column":6},"end":{"line":211,"column":40}},"108":{"start":{"line":212,"column":6},"end":{"line":212,"column":29}},"109":{"start":{"line":214,"column":6},"end":{"line":214,"column":61}},"110":{"start":{"line":218,"column":31},"end":{"line":220,"column":3}},"111":{"start":{"line":219,"column":4},"end":{"line":219,"column":28}},"112":{"start":{"line":222,"column":24},"end":{"line":226,"column":3}},"113":{"start":{"line":223,"column":4},"end":{"line":225,"column":5}},"114":{"start":{"line":224,"column":6},"end":{"line":224,"column":46}},"115":{"start":{"line":228,"column":24},"end":{"line":232,"column":3}},"116":{"start":{"line":229,"column":4},"end":{"line":231,"column":5}},"117":{"start":{"line":230,"column":6},"end":{"line":230,"column":46}},"118":{"start":{"line":234,"column":2},"end":{"line":236,"column":3}},"119":{"start":{"line":235,"column":4},"end":{"line":235,"column":32}},"120":{"start":{"line":238,"column":2},"end":{"line":240,"column":3}},"121":{"start":{"line":239,"column":4},"end":{"line":239,"column":69}},"122":{"start":{"line":242,"column":2},"end":{"line":556,"column":4}},"123":{"start":{"line":245,"column":49},"end":{"line":245,"column":61}},"124":{"start":{"line":304,"column":31},"end":{"line":304,"column":64}},"125":{"start":{"line":334,"column":16},"end":{"line":336,"column":27}},"126":{"start":{"line":347,"column":29},"end":{"line":347,"column":60}},"127":{"start":{"line":401,"column":18},"end":{"line":419,"column":29}},"128":{"start":{"line":561,"column":2},"end":{"line":561,"column":47}},"129":{"start":{"line":561,"column":26},"end":{"line":561,"column":45}}},"fnMap":{"0":{"name":"Transition","decl":{"start":{"line":35,"column":45},"end":{"line":35,"column":55}},"loc":{"start":{"line":35,"column":68},"end":{"line":37,"column":1}},"line":35},"1":{"name":"(anonymous_1)","decl":{"start":{"line":39,"column":18},"end":{"line":39,"column":19}},"loc":{"start":{"line":39,"column":24},"end":{"line":557,"column":1}},"line":39},"2":{"name":"(anonymous_2)","decl":{"start":{"line":68,"column":12},"end":{"line":68,"column":13}},"loc":{"start":{"line":68,"column":18},"end":{"line":91,"column":3}},"line":68},"3":{"name":"(anonymous_3)","decl":{"start":{"line":69,"column":27},"end":{"line":69,"column":28}},"loc":{"start":{"line":69,"column":39},"end":{"line":88,"column":5}},"line":69},"4":{"name":"(anonymous_4)","decl":{"start":{"line":78,"column":74},"end":{"line":78,"column":75}},"loc":{"start":{"line":78,"column":81},"end":{"line":78,"column":91}},"line":78},"5":{"name":"(anonymous_5)","decl":{"start":{"line":93,"column":12},"end":{"line":93,"column":13}},"loc":{"start":{"line":93,"column":18},"end":{"line":107,"column":3}},"line":93},"6":{"name":"(anonymous_6)","decl":{"start":{"line":95,"column":32},"end":{"line":95,"column":33}},"loc":{"start":{"line":95,"column":38},"end":{"line":104,"column":7}},"line":95},"7":{"name":"(anonymous_7)","decl":{"start":{"line":96,"column":20},"end":{"line":96,"column":21}},"loc":{"start":{"line":96,"column":30},"end":{"line":103,"column":9}},"line":96},"8":{"name":"(anonymous_8)","decl":{"start":{"line":105,"column":13},"end":{"line":105,"column":14}},"loc":{"start":{"line":105,"column":19},"end":{"line":105,"column":39}},"line":105},"9":{"name":"(anonymous_9)","decl":{"start":{"line":109,"column":12},"end":{"line":109,"column":13}},"loc":{"start":{"line":109,"column":18},"end":{"line":116,"column":3}},"line":109},"10":{"name":"(anonymous_10)","decl":{"start":{"line":110,"column":32},"end":{"line":110,"column":33}},"loc":{"start":{"line":110,"column":38},"end":{"line":112,"column":5}},"line":110},"11":{"name":"(anonymous_11)","decl":{"start":{"line":111,"column":19},"end":{"line":111,"column":20}},"loc":{"start":{"line":111,"column":29},"end":{"line":111,"column":37}},"line":111},"12":{"name":"(anonymous_12)","decl":{"start":{"line":115,"column":11},"end":{"line":115,"column":12}},"loc":{"start":{"line":115,"column":17},"end":{"line":115,"column":39}},"line":115},"13":{"name":"(anonymous_13)","decl":{"start":{"line":118,"column":23},"end":{"line":118,"column":24}},"loc":{"start":{"line":118,"column":35},"end":{"line":140,"column":3}},"line":118},"14":{"name":"(anonymous_14)","decl":{"start":{"line":130,"column":13},"end":{"line":130,"column":14}},"loc":{"start":{"line":130,"column":25},"end":{"line":130,"column":54}},"line":130},"15":{"name":"(anonymous_15)","decl":{"start":{"line":142,"column":25},"end":{"line":142,"column":26}},"loc":{"start":{"line":142,"column":37},"end":{"line":162,"column":3}},"line":142},"16":{"name":"(anonymous_16)","decl":{"start":{"line":164,"column":25},"end":{"line":164,"column":26}},"loc":{"start":{"line":164,"column":31},"end":{"line":170,"column":3}},"line":164},"17":{"name":"(anonymous_17)","decl":{"start":{"line":166,"column":22},"end":{"line":166,"column":23}},"loc":{"start":{"line":166,"column":32},"end":{"line":166,"column":40}},"line":166},"18":{"name":"(anonymous_18)","decl":{"start":{"line":172,"column":22},"end":{"line":172,"column":23}},"loc":{"start":{"line":172,"column":28},"end":{"line":174,"column":3}},"line":172},"19":{"name":"(anonymous_19)","decl":{"start":{"line":176,"column":22},"end":{"line":176,"column":23}},"loc":{"start":{"line":176,"column":34},"end":{"line":187,"column":3}},"line":176},"20":{"name":"(anonymous_20)","decl":{"start":{"line":189,"column":38},"end":{"line":189,"column":39}},"loc":{"start":{"line":189,"column":44},"end":{"line":191,"column":3}},"line":189},"21":{"name":"(anonymous_21)","decl":{"start":{"line":193,"column":34},"end":{"line":193,"column":35}},"loc":{"start":{"line":193,"column":40},"end":{"line":197,"column":3}},"line":193},"22":{"name":"(anonymous_22)","decl":{"start":{"line":199,"column":34},"end":{"line":199,"column":35}},"loc":{"start":{"line":199,"column":40},"end":{"line":203,"column":3}},"line":199},"23":{"name":"(anonymous_23)","decl":{"start":{"line":206,"column":30},"end":{"line":206,"column":31}},"loc":{"start":{"line":206,"column":42},"end":{"line":216,"column":3}},"line":206},"24":{"name":"(anonymous_24)","decl":{"start":{"line":218,"column":31},"end":{"line":218,"column":32}},"loc":{"start":{"line":218,"column":37},"end":{"line":220,"column":3}},"line":218},"25":{"name":"(anonymous_25)","decl":{"start":{"line":222,"column":24},"end":{"line":222,"column":25}},"loc":{"start":{"line":222,"column":30},"end":{"line":226,"column":3}},"line":222},"26":{"name":"(anonymous_26)","decl":{"start":{"line":228,"column":24},"end":{"line":228,"column":25}},"loc":{"start":{"line":228,"column":30},"end":{"line":232,"column":3}},"line":228},"27":{"name":"(anonymous_27)","decl":{"start":{"line":245,"column":43},"end":{"line":245,"column":44}},"loc":{"start":{"line":245,"column":49},"end":{"line":245,"column":61}},"line":245},"28":{"name":"(anonymous_28)","decl":{"start":{"line":304,"column":24},"end":{"line":304,"column":25}},"loc":{"start":{"line":304,"column":31},"end":{"line":304,"column":64}},"line":304},"29":{"name":"(anonymous_29)","decl":{"start":{"line":333,"column":27},"end":{"line":333,"column":28}},"loc":{"start":{"line":334,"column":16},"end":{"line":336,"column":27}},"line":334},"30":{"name":"(anonymous_30)","decl":{"start":{"line":347,"column":22},"end":{"line":347,"column":23}},"loc":{"start":{"line":347,"column":29},"end":{"line":347,"column":60}},"line":347},"31":{"name":"(anonymous_31)","decl":{"start":{"line":400,"column":60},"end":{"line":400,"column":61}},"loc":{"start":{"line":401,"column":18},"end":{"line":419,"column":29}},"line":401},"32":{"name":"shuffleArray","decl":{"start":{"line":560,"column":9},"end":{"line":560,"column":21}},"loc":{"start":{"line":560,"column":29},"end":{"line":562,"column":1}},"line":560},"33":{"name":"(anonymous_33)","decl":{"start":{"line":561,"column":20},"end":{"line":561,"column":21}},"loc":{"start":{"line":561,"column":26},"end":{"line":561,"column":45}},"line":561}},"branchMap":{"0":{"loc":{"start":{"line":77,"column":8},"end":{"line":82,"column":9}},"type":"if","locations":[{"start":{"line":77,"column":8},"end":{"line":82,"column":9}},{"start":{},"end":{}}],"line":77},"1":{"loc":{"start":{"line":94,"column":4},"end":{"line":106,"column":5}},"type":"if","locations":[{"start":{"line":94,"column":4},"end":{"line":106,"column":5}},{"start":{},"end":{}}],"line":94},"2":{"loc":{"start":{"line":97,"column":10},"end":{"line":101,"column":11}},"type":"if","locations":[{"start":{"line":97,"column":10},"end":{"line":101,"column":11}},{"start":{},"end":{}}],"line":97},"3":{"loc":{"start":{"line":119,"column":4},"end":{"line":139,"column":5}},"type":"if","locations":[{"start":{"line":119,"column":4},"end":{"line":139,"column":5}},{"start":{"line":127,"column":11},"end":{"line":139,"column":5}}],"line":119},"4":{"loc":{"start":{"line":120,"column":6},"end":{"line":126,"column":7}},"type":"if","locations":[{"start":{"line":120,"column":6},"end":{"line":126,"column":7}},{"start":{"line":124,"column":13},"end":{"line":126,"column":7}}],"line":120},"5":{"loc":{"start":{"line":132,"column":6},"end":{"line":138,"column":7}},"type":"if","locations":[{"start":{"line":132,"column":6},"end":{"line":138,"column":7}},{"start":{"line":136,"column":13},"end":{"line":138,"column":7}}],"line":132},"6":{"loc":{"start":{"line":165,"column":4},"end":{"line":169,"column":5}},"type":"if","locations":[{"start":{"line":165,"column":4},"end":{"line":169,"column":5}},{"start":{},"end":{}}],"line":165},"7":{"loc":{"start":{"line":165,"column":8},"end":{"line":165,"column":62}},"type":"binary-expr","locations":[{"start":{"line":165,"column":8},"end":{"line":165,"column":21}},{"start":{"line":165,"column":25},"end":{"line":165,"column":62}}],"line":165},"8":{"loc":{"start":{"line":194,"column":4},"end":{"line":196,"column":5}},"type":"if","locations":[{"start":{"line":194,"column":4},"end":{"line":196,"column":5}},{"start":{},"end":{}}],"line":194},"9":{"loc":{"start":{"line":200,"column":4},"end":{"line":202,"column":5}},"type":"if","locations":[{"start":{"line":200,"column":4},"end":{"line":202,"column":5}},{"start":{},"end":{}}],"line":200},"10":{"loc":{"start":{"line":223,"column":4},"end":{"line":225,"column":5}},"type":"if","locations":[{"start":{"line":223,"column":4},"end":{"line":225,"column":5}},{"start":{},"end":{}}],"line":223},"11":{"loc":{"start":{"line":229,"column":4},"end":{"line":231,"column":5}},"type":"if","locations":[{"start":{"line":229,"column":4},"end":{"line":231,"column":5}},{"start":{},"end":{}}],"line":229},"12":{"loc":{"start":{"line":234,"column":2},"end":{"line":236,"column":3}},"type":"if","locations":[{"start":{"line":234,"column":2},"end":{"line":236,"column":3}},{"start":{},"end":{}}],"line":234},"13":{"loc":{"start":{"line":238,"column":2},"end":{"line":240,"column":3}},"type":"if","locations":[{"start":{"line":238,"column":2},"end":{"line":240,"column":3}},{"start":{},"end":{}}],"line":238},"14":{"loc":{"start":{"line":267,"column":9},"end":{"line":379,"column":9}},"type":"cond-expr","locations":[{"start":{"line":268,"column":10},"end":{"line":339,"column":24}},{"start":{"line":341,"column":10},"end":{"line":378,"column":12}}],"line":267},"15":{"loc":{"start":{"line":383,"column":9},"end":{"line":387,"column":9}},"type":"binary-expr","locations":[{"start":{"line":383,"column":9},"end":{"line":383,"column":19}},{"start":{"line":384,"column":10},"end":{"line":386,"column":23}}],"line":383},"16":{"loc":{"start":{"line":405,"column":21},"end":{"line":418,"column":21}},"type":"binary-expr","locations":[{"start":{"line":405,"column":21},"end":{"line":405,"column":55}},{"start":{"line":406,"column":22},"end":{"line":417,"column":35}}],"line":405},"17":{"loc":{"start":{"line":408,"column":34},"end":{"line":408,"column":77}},"type":"binary-expr","locations":[{"start":{"line":408,"column":34},"end":{"line":408,"column":48}},{"start":{"line":408,"column":52},"end":{"line":408,"column":77}}],"line":408},"18":{"loc":{"start":{"line":411,"column":28},"end":{"line":413,"column":35}},"type":"cond-expr","locations":[{"start":{"line":412,"column":32},"end":{"line":412,"column":33}},{"start":{"line":413,"column":32},"end":{"line":413,"column":35}}],"line":411},"19":{"loc":{"start":{"line":411,"column":28},"end":{"line":411,"column":71}},"type":"binary-expr","locations":[{"start":{"line":411,"column":28},"end":{"line":411,"column":41}},{"start":{"line":411,"column":45},"end":{"line":411,"column":71}}],"line":411},"20":{"loc":{"start":{"line":422,"column":15},"end":{"line":447,"column":15}},"type":"binary-expr","locations":[{"start":{"line":422,"column":15},"end":{"line":422,"column":52}},{"start":{"line":423,"column":16},"end":{"line":446,"column":22}}],"line":422},"21":{"loc":{"start":{"line":429,"column":27},"end":{"line":429,"column":66}},"type":"cond-expr","locations":[{"start":{"line":429,"column":43},"end":{"line":429,"column":54}},{"start":{"line":429,"column":57},"end":{"line":429,"column":66}}],"line":429},"22":{"loc":{"start":{"line":434,"column":35},"end":{"line":434,"column":63}},"type":"cond-expr","locations":[{"start":{"line":434,"column":51},"end":{"line":434,"column":53}},{"start":{"line":434,"column":56},"end":{"line":434,"column":63}}],"line":434},"23":{"loc":{"start":{"line":435,"column":35},"end":{"line":435,"column":61}},"type":"cond-expr","locations":[{"start":{"line":435,"column":51},"end":{"line":435,"column":53}},{"start":{"line":435,"column":56},"end":{"line":435,"column":61}}],"line":435},"24":{"loc":{"start":{"line":436,"column":35},"end":{"line":436,"column":63}},"type":"cond-expr","locations":[{"start":{"line":436,"column":51},"end":{"line":436,"column":53}},{"start":{"line":436,"column":56},"end":{"line":436,"column":63}}],"line":436},"25":{"loc":{"start":{"line":442,"column":21},"end":{"line":444,"column":87}},"type":"cond-expr","locations":[{"start":{"line":443,"column":24},"end":{"line":443,"column":44}},{"start":{"line":444,"column":24},"end":{"line":444,"column":87}}],"line":442}},"s":{"0":1,"1":9,"2":1,"3":11,"4":11,"5":10,"6":10,"7":10,"8":10,"9":10,"10":10,"11":10,"12":10,"13":10,"14":10,"15":10,"16":10,"17":10,"18":10,"19":10,"20":10,"21":10,"22":10,"23":10,"24":10,"25":10,"26":10,"27":3,"28":3,"29":3,"30":1,"31":1,"32":1,"33":3,"34":1,"35":1,"36":1,"37":2,"38":3,"39":3,"40":10,"41":3,"42":3,"43":0,"44":0,"45":0,"46":0,"47":0,"48":0,"49":3,"50":3,"51":10,"52":3,"53":0,"54":0,"55":3,"56":3,"57":3,"58":10,"59":1,"60":1,"61":1,"62":1,"63":1,"64":0,"65":0,"66":0,"67":0,"68":0,"69":0,"70":0,"71":0,"72":10,"73":1,"74":1,"75":1,"76":1,"77":1,"78":1,"79":0,"80":1,"81":10,"82":0,"83":0,"84":0,"85":0,"86":0,"87":10,"88":0,"89":10,"90":0,"91":0,"92":0,"93":0,"94":0,"95":0,"96":10,"97":0,"98":10,"99":0,"100":0,"101":10,"102":0,"103":0,"104":10,"105":0,"106":0,"107":0,"108":0,"109":0,"110":10,"111":0,"112":10,"113":0,"114":0,"115":10,"116":0,"117":0,"118":10,"119":6,"120":4,"121":1,"122":3,"123":0,"124":1,"125":9,"126":0,"127":0,"128":1,"129":4},"f":{"0":9,"1":11,"2":3,"3":3,"4":3,"5":3,"6":0,"7":0,"8":3,"9":3,"10":0,"11":0,"12":3,"13":1,"14":0,"15":1,"16":0,"17":0,"18":0,"19":0,"20":0,"21":0,"22":0,"23":0,"24":0,"25":0,"26":0,"27":0,"28":1,"29":9,"30":0,"31":0,"32":1,"33":4},"b":{"0":[1,0],"1":[3,0],"2":[0,0],"3":[1,0],"4":[1,0],"5":[0,0],"6":[0,0],"7":[0,0],"8":[0,0],"9":[0,0],"10":[0,0],"11":[0,0],"12":[6,4],"13":[1,3],"14":[3,0],"15":[3,1],"16":[0,0],"17":[0,0],"18":[0,0],"19":[0,0],"20":[3,3],"21":[0,3],"22":[0,3],"23":[0,3],"24":[0,3],"25":[0,3]},"_coverageSchema":"1a1c01bbd47fc00a2c39e90264f33305004495a9","hash":"c4d7c204a1afc3cddb795cd696ac4129eb337cf7"}
,"C:\\Users\\eloy\\Desktop\\tfg\\game-security-project\\gi\\Game_security_frontend\\src\\pages\\createChallenge.js": {"path":"C:\\Users\\eloy\\Desktop\\tfg\\game-security-project\\gi\\Game_security_frontend\\src\\pages\\createChallenge.js","statementMap":{"0":{"start":{"line":23,"column":24},"end":{"line":506,"column":1}},"1":{"start":{"line":24,"column":19},"end":{"line":24,"column":42}},"2":{"start":{"line":25,"column":28},"end":{"line":25,"column":40}},"3":{"start":{"line":26,"column":34},"end":{"line":34,"column":4}},"4":{"start":{"line":35,"column":32},"end":{"line":35,"column":46}},"5":{"start":{"line":36,"column":28},"end":{"line":36,"column":42}},"6":{"start":{"line":37,"column":19},"end":{"line":37,"column":32}},"7":{"start":{"line":39,"column":2},"end":{"line":55,"column":13}},"8":{"start":{"line":40,"column":23},"end":{"line":52,"column":5}},"9":{"start":{"line":41,"column":6},"end":{"line":51,"column":7}},"10":{"start":{"line":42,"column":25},"end":{"line":44,"column":10}},"11":{"start":{"line":45,"column":8},"end":{"line":45,"column":32}},"12":{"start":{"line":47,"column":8},"end":{"line":47,"column":43}},"13":{"start":{"line":48,"column":8},"end":{"line":48,"column":29}},"14":{"start":{"line":50,"column":8},"end":{"line":50,"column":26}},"15":{"start":{"line":54,"column":4},"end":{"line":54,"column":17}},"16":{"start":{"line":57,"column":28},"end":{"line":63,"column":3}},"17":{"start":{"line":58,"column":28},"end":{"line":58,"column":36}},"18":{"start":{"line":59,"column":4},"end":{"line":62,"column":7}},"19":{"start":{"line":65,"column":25},"end":{"line":70,"column":3}},"20":{"start":{"line":66,"column":4},"end":{"line":69,"column":7}},"21":{"start":{"line":72,"column":28},"end":{"line":78,"column":3}},"22":{"start":{"line":73,"column":22},"end":{"line":73,"column":86}},"23":{"start":{"line":73,"column":57},"end":{"line":73,"column":84}},"24":{"start":{"line":74,"column":4},"end":{"line":77,"column":7}},"25":{"start":{"line":80,"column":28},"end":{"line":86,"column":3}},"26":{"start":{"line":81,"column":22},"end":{"line":81,"column":67}},"27":{"start":{"line":81,"column":55},"end":{"line":81,"column":66}},"28":{"start":{"line":82,"column":4},"end":{"line":85,"column":7}},"29":{"start":{"line":88,"column":34},"end":{"line":93,"column":3}},"30":{"start":{"line":89,"column":4},"end":{"line":92,"column":7}},"31":{"start":{"line":95,"column":37},"end":{"line":101,"column":3}},"32":{"start":{"line":96,"column":31},"end":{"line":96,"column":100}},"33":{"start":{"line":96,"column":73},"end":{"line":96,"column":98}},"34":{"start":{"line":97,"column":4},"end":{"line":100,"column":7}},"35":{"start":{"line":103,"column":37},"end":{"line":109,"column":3}},"36":{"start":{"line":104,"column":31},"end":{"line":104,"column":85}},"37":{"start":{"line":104,"column":73},"end":{"line":104,"column":84}},"38":{"start":{"line":105,"column":4},"end":{"line":108,"column":7}},"39":{"start":{"line":111,"column":39},"end":{"line":116,"column":3}},"40":{"start":{"line":112,"column":4},"end":{"line":115,"column":7}},"41":{"start":{"line":118,"column":42},"end":{"line":124,"column":3}},"42":{"start":{"line":119,"column":36},"end":{"line":119,"column":110}},"43":{"start":{"line":119,"column":83},"end":{"line":119,"column":108}},"44":{"start":{"line":120,"column":4},"end":{"line":123,"column":7}},"45":{"start":{"line":126,"column":42},"end":{"line":132,"column":3}},"46":{"start":{"line":127,"column":36},"end":{"line":127,"column":95}},"47":{"start":{"line":127,"column":83},"end":{"line":127,"column":94}},"48":{"start":{"line":128,"column":4},"end":{"line":131,"column":7}},"49":{"start":{"line":134,"column":23},"end":{"line":145,"column":3}},"50":{"start":{"line":135,"column":4},"end":{"line":135,"column":23}},"51":{"start":{"line":136,"column":4},"end":{"line":144,"column":5}},"52":{"start":{"line":137,"column":6},"end":{"line":139,"column":9}},"53":{"start":{"line":140,"column":6},"end":{"line":140,"column":34}},"54":{"start":{"line":142,"column":6},"end":{"line":142,"column":44}},"55":{"start":{"line":143,"column":6},"end":{"line":143,"column":27}},"56":{"start":{"line":147,"column":2},"end":{"line":149,"column":3}},"57":{"start":{"line":148,"column":4},"end":{"line":148,"column":32}},"58":{"start":{"line":151,"column":2},"end":{"line":505,"column":4}},"59":{"start":{"line":155,"column":51},"end":{"line":155,"column":63}},"60":{"start":{"line":322,"column":16},"end":{"line":324,"column":27}},"61":{"start":{"line":333,"column":14},"end":{"line":373,"column":20}},"62":{"start":{"line":337,"column":35},"end":{"line":337,"column":75}},"63":{"start":{"line":370,"column":43},"end":{"line":370,"column":67}},"64":{"start":{"line":390,"column":14},"end":{"line":430,"column":20}},"65":{"start":{"line":394,"column":35},"end":{"line":394,"column":84}},"66":{"start":{"line":427,"column":43},"end":{"line":427,"column":76}},"67":{"start":{"line":447,"column":14},"end":{"line":487,"column":20}},"68":{"start":{"line":451,"column":35},"end":{"line":451,"column":89}},"69":{"start":{"line":484,"column":43},"end":{"line":484,"column":81}}},"fnMap":{"0":{"name":"(anonymous_0)","decl":{"start":{"line":23,"column":24},"end":{"line":23,"column":25}},"loc":{"start":{"line":23,"column":30},"end":{"line":506,"column":1}},"line":23},"1":{"name":"(anonymous_1)","decl":{"start":{"line":39,"column":12},"end":{"line":39,"column":13}},"loc":{"start":{"line":39,"column":18},"end":{"line":55,"column":3}},"line":39},"2":{"name":"(anonymous_2)","decl":{"start":{"line":40,"column":23},"end":{"line":40,"column":24}},"loc":{"start":{"line":40,"column":35},"end":{"line":52,"column":5}},"line":40},"3":{"name":"(anonymous_3)","decl":{"start":{"line":57,"column":28},"end":{"line":57,"column":29}},"loc":{"start":{"line":57,"column":35},"end":{"line":63,"column":3}},"line":57},"4":{"name":"(anonymous_4)","decl":{"start":{"line":65,"column":25},"end":{"line":65,"column":26}},"loc":{"start":{"line":65,"column":31},"end":{"line":70,"column":3}},"line":65},"5":{"name":"(anonymous_5)","decl":{"start":{"line":72,"column":28},"end":{"line":72,"column":29}},"loc":{"start":{"line":72,"column":46},"end":{"line":78,"column":3}},"line":72},"6":{"name":"(anonymous_6)","decl":{"start":{"line":73,"column":42},"end":{"line":73,"column":43}},"loc":{"start":{"line":73,"column":57},"end":{"line":73,"column":84}},"line":73},"7":{"name":"(anonymous_7)","decl":{"start":{"line":80,"column":28},"end":{"line":80,"column":29}},"loc":{"start":{"line":80,"column":39},"end":{"line":86,"column":3}},"line":80},"8":{"name":"(anonymous_8)","decl":{"start":{"line":81,"column":45},"end":{"line":81,"column":46}},"loc":{"start":{"line":81,"column":55},"end":{"line":81,"column":66}},"line":81},"9":{"name":"(anonymous_9)","decl":{"start":{"line":88,"column":34},"end":{"line":88,"column":35}},"loc":{"start":{"line":88,"column":40},"end":{"line":93,"column":3}},"line":88},"10":{"name":"(anonymous_10)","decl":{"start":{"line":95,"column":37},"end":{"line":95,"column":38}},"loc":{"start":{"line":95,"column":55},"end":{"line":101,"column":3}},"line":95},"11":{"name":"(anonymous_11)","decl":{"start":{"line":96,"column":60},"end":{"line":96,"column":61}},"loc":{"start":{"line":96,"column":73},"end":{"line":96,"column":98}},"line":96},"12":{"name":"(anonymous_12)","decl":{"start":{"line":103,"column":37},"end":{"line":103,"column":38}},"loc":{"start":{"line":103,"column":48},"end":{"line":109,"column":3}},"line":103},"13":{"name":"(anonymous_13)","decl":{"start":{"line":104,"column":63},"end":{"line":104,"column":64}},"loc":{"start":{"line":104,"column":73},"end":{"line":104,"column":84}},"line":104},"14":{"name":"(anonymous_14)","decl":{"start":{"line":111,"column":39},"end":{"line":111,"column":40}},"loc":{"start":{"line":111,"column":45},"end":{"line":116,"column":3}},"line":111},"15":{"name":"(anonymous_15)","decl":{"start":{"line":118,"column":42},"end":{"line":118,"column":43}},"loc":{"start":{"line":118,"column":60},"end":{"line":124,"column":3}},"line":118},"16":{"name":"(anonymous_16)","decl":{"start":{"line":119,"column":70},"end":{"line":119,"column":71}},"loc":{"start":{"line":119,"column":83},"end":{"line":119,"column":108}},"line":119},"17":{"name":"(anonymous_17)","decl":{"start":{"line":126,"column":42},"end":{"line":126,"column":43}},"loc":{"start":{"line":126,"column":53},"end":{"line":132,"column":3}},"line":126},"18":{"name":"(anonymous_18)","decl":{"start":{"line":127,"column":73},"end":{"line":127,"column":74}},"loc":{"start":{"line":127,"column":83},"end":{"line":127,"column":94}},"line":127},"19":{"name":"(anonymous_19)","decl":{"start":{"line":134,"column":23},"end":{"line":134,"column":24}},"loc":{"start":{"line":134,"column":36},"end":{"line":145,"column":3}},"line":134},"20":{"name":"(anonymous_20)","decl":{"start":{"line":155,"column":45},"end":{"line":155,"column":46}},"loc":{"start":{"line":155,"column":51},"end":{"line":155,"column":63}},"line":155},"21":{"name":"(anonymous_21)","decl":{"start":{"line":321,"column":25},"end":{"line":321,"column":26}},"loc":{"start":{"line":322,"column":16},"end":{"line":324,"column":27}},"line":322},"22":{"name":"(anonymous_22)","decl":{"start":{"line":332,"column":33},"end":{"line":332,"column":34}},"loc":{"start":{"line":333,"column":14},"end":{"line":373,"column":20}},"line":333},"23":{"name":"(anonymous_23)","decl":{"start":{"line":337,"column":28},"end":{"line":337,"column":29}},"loc":{"start":{"line":337,"column":35},"end":{"line":337,"column":75}},"line":337},"24":{"name":"(anonymous_24)","decl":{"start":{"line":370,"column":37},"end":{"line":370,"column":38}},"loc":{"start":{"line":370,"column":43},"end":{"line":370,"column":67}},"line":370},"25":{"name":"(anonymous_25)","decl":{"start":{"line":389,"column":42},"end":{"line":389,"column":43}},"loc":{"start":{"line":390,"column":14},"end":{"line":430,"column":20}},"line":390},"26":{"name":"(anonymous_26)","decl":{"start":{"line":394,"column":28},"end":{"line":394,"column":29}},"loc":{"start":{"line":394,"column":35},"end":{"line":394,"column":84}},"line":394},"27":{"name":"(anonymous_27)","decl":{"start":{"line":427,"column":37},"end":{"line":427,"column":38}},"loc":{"start":{"line":427,"column":43},"end":{"line":427,"column":76}},"line":427},"28":{"name":"(anonymous_28)","decl":{"start":{"line":446,"column":47},"end":{"line":446,"column":48}},"loc":{"start":{"line":447,"column":14},"end":{"line":487,"column":20}},"line":447},"29":{"name":"(anonymous_29)","decl":{"start":{"line":451,"column":28},"end":{"line":451,"column":29}},"loc":{"start":{"line":451,"column":35},"end":{"line":451,"column":89}},"line":451},"30":{"name":"(anonymous_30)","decl":{"start":{"line":484,"column":37},"end":{"line":484,"column":38}},"loc":{"start":{"line":484,"column":43},"end":{"line":484,"column":81}},"line":484}},"branchMap":{"0":{"loc":{"start":{"line":73,"column":57},"end":{"line":73,"column":84}},"type":"cond-expr","locations":[{"start":{"line":73,"column":71},"end":{"line":73,"column":76}},{"start":{"line":73,"column":79},"end":{"line":73,"column":84}}],"line":73},"1":{"loc":{"start":{"line":96,"column":73},"end":{"line":96,"column":98}},"type":"cond-expr","locations":[{"start":{"line":96,"column":87},"end":{"line":96,"column":92}},{"start":{"line":96,"column":95},"end":{"line":96,"column":98}}],"line":96},"2":{"loc":{"start":{"line":119,"column":83},"end":{"line":119,"column":108}},"type":"cond-expr","locations":[{"start":{"line":119,"column":97},"end":{"line":119,"column":102}},{"start":{"line":119,"column":105},"end":{"line":119,"column":108}}],"line":119},"3":{"loc":{"start":{"line":147,"column":2},"end":{"line":149,"column":3}},"type":"if","locations":[{"start":{"line":147,"column":2},"end":{"line":149,"column":3}},{"start":{},"end":{}}],"line":147},"4":{"loc":{"start":{"line":161,"column":9},"end":{"line":163,"column":9}},"type":"binary-expr","locations":[{"start":{"line":161,"column":9},"end":{"line":161,"column":14}},{"start":{"line":162,"column":10},"end":{"line":162,"column":56}}],"line":161}},"s":{"0":1,"1":34,"2":33,"3":33,"4":33,"5":33,"6":33,"7":33,"8":8,"9":8,"10":8,"11":6,"12":2,"13":2,"14":8,"15":8,"16":33,"17":8,"18":8,"19":33,"20":1,"21":33,"22":1,"23":1,"24":1,"25":33,"26":1,"27":1,"28":1,"29":33,"30":1,"31":33,"32":1,"33":1,"34":1,"35":33,"36":1,"37":1,"38":1,"39":33,"40":1,"41":33,"42":1,"43":1,"44":1,"45":33,"46":1,"47":1,"48":1,"49":33,"50":2,"51":2,"52":2,"53":1,"54":2,"55":2,"56":33,"57":8,"58":25,"59":0,"60":24,"61":2,"62":1,"63":1,"64":2,"65":1,"66":1,"67":2,"68":1,"69":1},"f":{"0":34,"1":8,"2":8,"3":8,"4":1,"5":1,"6":1,"7":1,"8":1,"9":1,"10":1,"11":1,"12":1,"13":1,"14":1,"15":1,"16":1,"17":1,"18":1,"19":2,"20":0,"21":24,"22":2,"23":1,"24":1,"25":2,"26":1,"27":1,"28":2,"29":1,"30":1},"b":{"0":[1,0],"1":[1,0],"2":[1,0],"3":[8,25],"4":[25,2]},"_coverageSchema":"1a1c01bbd47fc00a2c39e90264f33305004495a9","hash":"b22a70ccf8fee2f08054309f48a47eae3cd9e4a4"}
,"C:\\Users\\eloy\\Desktop\\tfg\\game-security-project\\gi\\Game_security_frontend\\src\\pages\\desafioList.js": {"path":"C:\\Users\\eloy\\Desktop\\tfg\\game-security-project\\gi\\Game_security_frontend\\src\\pages\\desafioList.js","statementMap":{"0":{"start":{"line":12,"column":22},"end":{"line":160,"column":1}},"1":{"start":{"line":13,"column":38},"end":{"line":13,"column":50}},"2":{"start":{"line":14,"column":32},"end":{"line":14,"column":46}},"3":{"start":{"line":15,"column":19},"end":{"line":15,"column":42}},"4":{"start":{"line":16,"column":19},"end":{"line":16,"column":32}},"5":{"start":{"line":18,"column":2},"end":{"line":44,"column":23}},"6":{"start":{"line":19,"column":4},"end":{"line":22,"column":5}},"7":{"start":{"line":20,"column":6},"end":{"line":20,"column":25}},"8":{"start":{"line":21,"column":6},"end":{"line":21,"column":13}},"9":{"start":{"line":24,"column":28},"end":{"line":41,"column":5}},"10":{"start":{"line":25,"column":6},"end":{"line":29,"column":7}},"11":{"start":{"line":26,"column":8},"end":{"line":26,"column":40}},"12":{"start":{"line":27,"column":8},"end":{"line":27,"column":26}},"13":{"start":{"line":28,"column":8},"end":{"line":28,"column":15}},"14":{"start":{"line":31,"column":6},"end":{"line":40,"column":7}},"15":{"start":{"line":32,"column":25},"end":{"line":34,"column":10}},"16":{"start":{"line":35,"column":8},"end":{"line":35,"column":37}},"17":{"start":{"line":37,"column":8},"end":{"line":37,"column":59}},"18":{"start":{"line":39,"column":8},"end":{"line":39,"column":26}},"19":{"start":{"line":43,"column":4},"end":{"line":43,"column":22}},"20":{"start":{"line":46,"column":21},"end":{"line":48,"column":3}},"21":{"start":{"line":47,"column":4},"end":{"line":47,"column":38}},"22":{"start":{"line":50,"column":23},"end":{"line":59,"column":3}},"23":{"start":{"line":51,"column":4},"end":{"line":58,"column":5}},"24":{"start":{"line":52,"column":6},"end":{"line":54,"column":9}},"25":{"start":{"line":55,"column":6},"end":{"line":55,"column":83}},"26":{"start":{"line":55,"column":53},"end":{"line":55,"column":80}},"27":{"start":{"line":57,"column":6},"end":{"line":57,"column":56}},"28":{"start":{"line":61,"column":32},"end":{"line":63,"column":3}},"29":{"start":{"line":62,"column":4},"end":{"line":62,"column":34}},"30":{"start":{"line":65,"column":2},"end":{"line":67,"column":3}},"31":{"start":{"line":66,"column":4},"end":{"line":66,"column":32}},"32":{"start":{"line":69,"column":2},"end":{"line":159,"column":4}},"33":{"start":{"line":74,"column":53},"end":{"line":74,"column":65}},"34":{"start":{"line":87,"column":10},"end":{"line":155,"column":22}},"35":{"start":{"line":102,"column":69},"end":{"line":102,"column":101}},"36":{"start":{"line":103,"column":69},"end":{"line":103,"column":103}},"37":{"start":{"line":110,"column":24},"end":{"line":114,"column":35}},"38":{"start":{"line":126,"column":24},"end":{"line":130,"column":35}},"39":{"start":{"line":142,"column":24},"end":{"line":146,"column":35}}},"fnMap":{"0":{"name":"(anonymous_0)","decl":{"start":{"line":12,"column":22},"end":{"line":12,"column":23}},"loc":{"start":{"line":12,"column":28},"end":{"line":160,"column":1}},"line":12},"1":{"name":"(anonymous_1)","decl":{"start":{"line":18,"column":12},"end":{"line":18,"column":13}},"loc":{"start":{"line":18,"column":18},"end":{"line":44,"column":3}},"line":18},"2":{"name":"(anonymous_2)","decl":{"start":{"line":24,"column":28},"end":{"line":24,"column":29}},"loc":{"start":{"line":24,"column":40},"end":{"line":41,"column":5}},"line":24},"3":{"name":"(anonymous_3)","decl":{"start":{"line":46,"column":21},"end":{"line":46,"column":22}},"loc":{"start":{"line":46,"column":29},"end":{"line":48,"column":3}},"line":46},"4":{"name":"(anonymous_4)","decl":{"start":{"line":50,"column":23},"end":{"line":50,"column":24}},"loc":{"start":{"line":50,"column":37},"end":{"line":59,"column":3}},"line":50},"5":{"name":"(anonymous_5)","decl":{"start":{"line":55,"column":38},"end":{"line":55,"column":39}},"loc":{"start":{"line":55,"column":53},"end":{"line":55,"column":80}},"line":55},"6":{"name":"(anonymous_6)","decl":{"start":{"line":61,"column":32},"end":{"line":61,"column":33}},"loc":{"start":{"line":61,"column":38},"end":{"line":63,"column":3}},"line":61},"7":{"name":"(anonymous_7)","decl":{"start":{"line":74,"column":47},"end":{"line":74,"column":48}},"loc":{"start":{"line":74,"column":53},"end":{"line":74,"column":65}},"line":74},"8":{"name":"(anonymous_8)","decl":{"start":{"line":86,"column":24},"end":{"line":86,"column":25}},"loc":{"start":{"line":87,"column":10},"end":{"line":155,"column":22}},"line":87},"9":{"name":"(anonymous_9)","decl":{"start":{"line":102,"column":63},"end":{"line":102,"column":64}},"loc":{"start":{"line":102,"column":69},"end":{"line":102,"column":101}},"line":102},"10":{"name":"(anonymous_10)","decl":{"start":{"line":103,"column":63},"end":{"line":103,"column":64}},"loc":{"start":{"line":103,"column":69},"end":{"line":103,"column":103}},"line":103},"11":{"name":"(anonymous_11)","decl":{"start":{"line":109,"column":42},"end":{"line":109,"column":43}},"loc":{"start":{"line":110,"column":24},"end":{"line":114,"column":35}},"line":110},"12":{"name":"(anonymous_12)","decl":{"start":{"line":125,"column":52},"end":{"line":125,"column":53}},"loc":{"start":{"line":126,"column":24},"end":{"line":130,"column":35}},"line":126},"13":{"name":"(anonymous_13)","decl":{"start":{"line":141,"column":57},"end":{"line":141,"column":58}},"loc":{"start":{"line":142,"column":24},"end":{"line":146,"column":35}},"line":142}},"branchMap":{"0":{"loc":{"start":{"line":19,"column":4},"end":{"line":22,"column":5}},"type":"if","locations":[{"start":{"line":19,"column":4},"end":{"line":22,"column":5}},{"start":{},"end":{}}],"line":19},"1":{"loc":{"start":{"line":19,"column":8},"end":{"line":19,"column":34}},"type":"binary-expr","locations":[{"start":{"line":19,"column":8},"end":{"line":19,"column":13}},{"start":{"line":19,"column":17},"end":{"line":19,"column":34}}],"line":19},"2":{"loc":{"start":{"line":25,"column":6},"end":{"line":29,"column":7}},"type":"if","locations":[{"start":{"line":25,"column":6},"end":{"line":29,"column":7}},{"start":{},"end":{}}],"line":25},"3":{"loc":{"start":{"line":65,"column":2},"end":{"line":67,"column":3}},"type":"if","locations":[{"start":{"line":65,"column":2},"end":{"line":67,"column":3}},{"start":{},"end":{}}],"line":65},"4":{"loc":{"start":{"line":108,"column":21},"end":{"line":118,"column":21}},"type":"cond-expr","locations":[{"start":{"line":109,"column":22},"end":{"line":115,"column":24}},{"start":{"line":117,"column":22},"end":{"line":117,"column":86}}],"line":108},"5":{"loc":{"start":{"line":108,"column":21},"end":{"line":108,"column":66}},"type":"binary-expr","locations":[{"start":{"line":108,"column":21},"end":{"line":108,"column":36}},{"start":{"line":108,"column":40},"end":{"line":108,"column":66}}],"line":108},"6":{"loc":{"start":{"line":124,"column":21},"end":{"line":134,"column":21}},"type":"cond-expr","locations":[{"start":{"line":125,"column":22},"end":{"line":131,"column":24}},{"start":{"line":133,"column":22},"end":{"line":133,"column":99}}],"line":124},"7":{"loc":{"start":{"line":124,"column":21},"end":{"line":124,"column":86}},"type":"binary-expr","locations":[{"start":{"line":124,"column":21},"end":{"line":124,"column":46}},{"start":{"line":124,"column":50},"end":{"line":124,"column":86}}],"line":124},"8":{"loc":{"start":{"line":140,"column":21},"end":{"line":150,"column":21}},"type":"cond-expr","locations":[{"start":{"line":141,"column":22},"end":{"line":147,"column":24}},{"start":{"line":149,"column":22},"end":{"line":149,"column":104}}],"line":140},"9":{"loc":{"start":{"line":140,"column":21},"end":{"line":140,"column":96}},"type":"binary-expr","locations":[{"start":{"line":140,"column":21},"end":{"line":140,"column":51}},{"start":{"line":140,"column":55},"end":{"line":140,"column":96}}],"line":140}},"s":{"0":1,"1":5,"2":4,"3":4,"4":4,"5":4,"6":2,"7":0,"8":0,"9":2,"10":2,"11":0,"12":0,"13":0,"14":2,"15":2,"16":1,"17":1,"18":2,"19":2,"20":4,"21":0,"22":4,"23":1,"24":1,"25":1,"26":1,"27":0,"28":4,"29":0,"30":4,"31":2,"32":2,"33":0,"34":1,"35":0,"36":1,"37":1,"38":1,"39":1},"f":{"0":5,"1":2,"2":2,"3":0,"4":1,"5":1,"6":0,"7":0,"8":1,"9":0,"10":1,"11":1,"12":1,"13":1},"b":{"0":[0,2],"1":[2,2],"2":[0,2],"3":[2,2],"4":[1,0],"5":[1,1],"6":[1,0],"7":[1,1],"8":[1,0],"9":[1,1]},"_coverageSchema":"1a1c01bbd47fc00a2c39e90264f33305004495a9","hash":"6a4aa0566c2f343a1e123854f8df0368c6bc4eee"}
,"C:\\Users\\eloy\\Desktop\\tfg\\game-security-project\\gi\\Game_security_frontend\\src\\pages\\editDesafio.js": {"path":"C:\\Users\\eloy\\Desktop\\tfg\\game-security-project\\gi\\Game_security_frontend\\src\\pages\\editDesafio.js","statementMap":{"0":{"start":{"line":23,"column":22},"end":{"line":528,"column":1}},"1":{"start":{"line":24,"column":17},"end":{"line":24,"column":28}},"2":{"start":{"line":25,"column":19},"end":{"line":25,"column":42}},"3":{"start":{"line":26,"column":36},"end":{"line":26,"column":50}},"4":{"start":{"line":27,"column":34},"end":{"line":36,"column":4}},"5":{"start":{"line":37,"column":28},"end":{"line":37,"column":40}},"6":{"start":{"line":38,"column":32},"end":{"line":38,"column":46}},"7":{"start":{"line":39,"column":28},"end":{"line":39,"column":42}},"8":{"start":{"line":40,"column":19},"end":{"line":40,"column":32}},"9":{"start":{"line":42,"column":2},"end":{"line":81,"column":17}},"10":{"start":{"line":43,"column":23},"end":{"line":53,"column":5}},"11":{"start":{"line":44,"column":6},"end":{"line":52,"column":7}},"12":{"start":{"line":45,"column":25},"end":{"line":47,"column":10}},"13":{"start":{"line":48,"column":8},"end":{"line":48,"column":32}},"14":{"start":{"line":50,"column":8},"end":{"line":50,"column":43}},"15":{"start":{"line":51,"column":8},"end":{"line":51,"column":29}},"16":{"start":{"line":55,"column":27},"end":{"line":77,"column":5}},"17":{"start":{"line":56,"column":6},"end":{"line":76,"column":7}},"18":{"start":{"line":57,"column":25},"end":{"line":59,"column":10}},"19":{"start":{"line":60,"column":8},"end":{"line":60,"column":36}},"20":{"start":{"line":61,"column":8},"end":{"line":70,"column":11}},"21":{"start":{"line":67,"column":49},"end":{"line":67,"column":68}},"22":{"start":{"line":68,"column":68},"end":{"line":68,"column":96}},"23":{"start":{"line":69,"column":78},"end":{"line":69,"column":102}},"24":{"start":{"line":72,"column":8},"end":{"line":72,"column":46}},"25":{"start":{"line":73,"column":8},"end":{"line":73,"column":29}},"26":{"start":{"line":75,"column":8},"end":{"line":75,"column":26}},"27":{"start":{"line":79,"column":4},"end":{"line":79,"column":17}},"28":{"start":{"line":80,"column":4},"end":{"line":80,"column":21}},"29":{"start":{"line":83,"column":28},"end":{"line":89,"column":3}},"30":{"start":{"line":84,"column":28},"end":{"line":84,"column":36}},"31":{"start":{"line":85,"column":4},"end":{"line":88,"column":7}},"32":{"start":{"line":91,"column":25},"end":{"line":96,"column":3}},"33":{"start":{"line":92,"column":4},"end":{"line":95,"column":7}},"34":{"start":{"line":98,"column":28},"end":{"line":104,"column":3}},"35":{"start":{"line":99,"column":22},"end":{"line":99,"column":86}},"36":{"start":{"line":99,"column":57},"end":{"line":99,"column":84}},"37":{"start":{"line":100,"column":4},"end":{"line":103,"column":7}},"38":{"start":{"line":106,"column":28},"end":{"line":112,"column":3}},"39":{"start":{"line":107,"column":22},"end":{"line":107,"column":67}},"40":{"start":{"line":107,"column":55},"end":{"line":107,"column":66}},"41":{"start":{"line":108,"column":4},"end":{"line":111,"column":7}},"42":{"start":{"line":114,"column":34},"end":{"line":119,"column":3}},"43":{"start":{"line":115,"column":4},"end":{"line":118,"column":7}},"44":{"start":{"line":121,"column":37},"end":{"line":127,"column":3}},"45":{"start":{"line":122,"column":31},"end":{"line":122,"column":100}},"46":{"start":{"line":122,"column":73},"end":{"line":122,"column":98}},"47":{"start":{"line":123,"column":4},"end":{"line":126,"column":7}},"48":{"start":{"line":129,"column":37},"end":{"line":135,"column":3}},"49":{"start":{"line":130,"column":31},"end":{"line":130,"column":85}},"50":{"start":{"line":130,"column":73},"end":{"line":130,"column":84}},"51":{"start":{"line":131,"column":4},"end":{"line":134,"column":7}},"52":{"start":{"line":137,"column":39},"end":{"line":142,"column":3}},"53":{"start":{"line":138,"column":4},"end":{"line":141,"column":7}},"54":{"start":{"line":144,"column":42},"end":{"line":150,"column":3}},"55":{"start":{"line":145,"column":36},"end":{"line":145,"column":110}},"56":{"start":{"line":145,"column":83},"end":{"line":145,"column":108}},"57":{"start":{"line":146,"column":4},"end":{"line":149,"column":7}},"58":{"start":{"line":152,"column":42},"end":{"line":158,"column":3}},"59":{"start":{"line":153,"column":36},"end":{"line":153,"column":95}},"60":{"start":{"line":153,"column":83},"end":{"line":153,"column":94}},"61":{"start":{"line":154,"column":4},"end":{"line":157,"column":7}},"62":{"start":{"line":160,"column":23},"end":{"line":171,"column":3}},"63":{"start":{"line":161,"column":4},"end":{"line":161,"column":23}},"64":{"start":{"line":162,"column":4},"end":{"line":170,"column":5}},"65":{"start":{"line":163,"column":6},"end":{"line":165,"column":9}},"66":{"start":{"line":166,"column":6},"end":{"line":166,"column":34}},"67":{"start":{"line":168,"column":6},"end":{"line":168,"column":44}},"68":{"start":{"line":169,"column":6},"end":{"line":169,"column":27}},"69":{"start":{"line":173,"column":2},"end":{"line":175,"column":3}},"70":{"start":{"line":174,"column":4},"end":{"line":174,"column":32}},"71":{"start":{"line":177,"column":2},"end":{"line":527,"column":4}},"72":{"start":{"line":181,"column":51},"end":{"line":181,"column":63}},"73":{"start":{"line":343,"column":18},"end":{"line":345,"column":29}},"74":{"start":{"line":354,"column":16},"end":{"line":394,"column":22}},"75":{"start":{"line":358,"column":37},"end":{"line":358,"column":77}},"76":{"start":{"line":391,"column":45},"end":{"line":391,"column":69}},"77":{"start":{"line":411,"column":16},"end":{"line":451,"column":22}},"78":{"start":{"line":415,"column":37},"end":{"line":415,"column":86}},"79":{"start":{"line":448,"column":45},"end":{"line":448,"column":78}},"80":{"start":{"line":468,"column":16},"end":{"l
[...]
line":6,"column":23},"end":{"line":89,"column":1}},"line":6},"1":{"name":"(anonymous_1)","decl":{"start":{"line":14,"column":12},"end":{"line":14,"column":13}},"loc":{"start":{"line":14,"column":18},"end":{"line":37,"column":3}},"line":14},"2":{"name":"(anonymous_2)","decl":{"start":{"line":15,"column":22},"end":{"line":15,"column":23}},"loc":{"start":{"line":15,"column":34},"end":{"line":34,"column":5}},"line":15},"3":{"name":"(anonymous_3)","decl":{"start":{"line":39,"column":23},"end":{"line":39,"column":24}},"loc":{"start":{"line":39,"column":36},"end":{"line":56,"column":3}},"line":39},"4":{"name":"(anonymous_4)","decl":{"start":{"line":73,"column":22},"end":{"line":73,"column":23}},"loc":{"start":{"line":73,"column":29},"end":{"line":73,"column":90}},"line":73},"5":{"name":"(anonymous_5)","decl":{"start":{"line":80,"column":22},"end":{"line":80,"column":23}},"loc":{"start":{"line":80,"column":29},"end":{"line":80,"column":89}},"line":80}},"branchMap":{"0":{"loc":{"start":{"line":41,"column":4},"end":{"line":44,"column":5}},"type":"if","locations":[{"start":{"line":41,"column":4},"end":{"line":44,"column":5}},{"start":{},"end":{}}],"line":41},"1":{"loc":{"start":{"line":41,"column":8},"end":{"line":41,"column":61}},"type":"binary-expr","locations":[{"start":{"line":41,"column":8},"end":{"line":41,"column":33}},{"start":{"line":41,"column":37},"end":{"line":41,"column":61}}],"line":41},"2":{"loc":{"start":{"line":58,"column":2},"end":{"line":60,"column":3}},"type":"if","locations":[{"start":{"line":58,"column":2},"end":{"line":60,"column":3}},{"start":{},"end":{}}],"line":58},"3":{"loc":{"start":{"line":65,"column":7},"end":{"line":67,"column":7}},"type":"binary-expr","locations":[{"start":{"line":65,"column":7},"end":{"line":65,"column":12}},{"start":{"line":66,"column":8},"end":{"line":66,"column":54}}],"line":65},"4":{"loc":{"start":{"line":68,"column":7},"end":{"line":86,"column":7}},"type":"binary-expr","locations":[{"start":{"line":68,"column":7},"end":{"line":68,"column":11}},{"start":{"line":69,"column":8},"end":{"line":85,"column":15}}],"line":68}},"s":{"0":1,"1":14,"2":14,"3":13,"4":13,"5":13,"6":13,"7":13,"8":6,"9":6,"10":6,"11":4,"12":4,"13":2,"14":2,"15":6,"16":6,"17":13,"18":3,"19":3,"20":1,"21":1,"22":2,"23":2,"24":1,"25":1,"26":1,"27":13,"28":6,"29":7,"30":0,"31":0},"f":{"0":14,"1":6,"2":6,"3":3,"4":0,"5":0},"b":{"0":[1,2],"1":[3,2],"2":[6,7],"3":[7,3],"4":[7,6]},"_coverageSchema":"1a1c01bbd47fc00a2c39e90264f33305004495a9","hash":"dd5837ab12cf8a177da5da7a5189ce99b101ebca"}
,"C:\\Users\\eloy\\Desktop\\tfg\\game-security-project\\gi\\Game_security_frontend\\src\\pages\\profile.js": {"path":"C:\\Users\\eloy\\Desktop\\tfg\\game-security-project\\gi\\Game_security_frontend\\src\\pages\\profile.js","statementMap":{"0":{"start":{"line":18,"column":21},"end":{"line":18,"column":34}},"1":{"start":{"line":21,"column":27},"end":{"line":21,"column":50}},"2":{"start":{"line":23,"column":19},"end":{"line":23,"column":32}},"3":{"start":{"line":25,"column":34},"end":{"line":32,"column":4}},"4":{"start":{"line":34,"column":2},"end":{"line":45,"column":13}},"5":{"start":{"line":35,"column":4},"end":{"line":44,"column":5}},"6":{"start":{"line":36,"column":6},"end":{"line":43,"column":9}},"7":{"start":{"line":47,"column":23},"end":{"line":80,"column":3}},"8":{"start":{"line":48,"column":4},"end":{"line":48,"column":27}},"9":{"start":{"line":49,"column":4},"end":{"line":52,"column":5}},"10":{"start":{"line":50,"column":6},"end":{"line":50,"column":75}},"11":{"start":{"line":51,"column":6},"end":{"line":51,"column":13}},"12":{"start":{"line":53,"column":4},"end":{"line":79,"column":5}},"13":{"start":{"line":54,"column":26},"end":{"line":54,"column":41}},"14":{"start":{"line":55,"column":6},"end":{"line":57,"column":7}},"15":{"start":{"line":56,"column":8},"end":{"line":56,"column":38}},"16":{"start":{"line":59,"column":23},"end":{"line":63,"column":8}},"17":{"start":{"line":65,"column":43},"end":{"line":65,"column":56}},"18":{"start":{"line":66,"column":6},"end":{"line":66,"column":43}},"19":{"start":{"line":67,"column":6},"end":{"line":67,"column":68}},"20":{"start":{"line":69,"column":6},"end":{"line":72,"column":9}},"21":{"start":{"line":73,"column":6},"end":{"line":73,"column":20}},"22":{"start":{"line":77,"column":6},"end":{"line":77,"column":81}},"23":{"start":{"line":78,"column":6},"end":{"line":78,"column":81}},"24":{"start":{"line":82,"column":23},"end":{"line":84,"column":3}},"25":{"start":{"line":83,"column":4},"end":{"line":83,"column":66}},"26":{"start":{"line":86,"column":2},"end":{"line":259,"column":4}},"27":{"start":{"line":106,"column":59},"end":{"line":106,"column":71}}},"fnMap":{"0":{"name":"Profile","decl":{"start":{"line":20,"column":24},"end":{"line":20,"column":31}},"loc":{"start":{"line":20,"column":34},"end":{"line":260,"column":1}},"line":20},"1":{"name":"(anonymous_1)","decl":{"start":{"line":34,"column":12},"end":{"line":34,"column":13}},"loc":{"start":{"line":34,"column":18},"end":{"line":45,"column":3}},"line":34},"2":{"name":"(anonymous_2)","decl":{"start":{"line":47,"column":23},"end":{"line":47,"column":24}},"loc":{"start":{"line":47,"column":40},"end":{"line":80,"column":3}},"line":47},"3":{"name":"(anonymous_3)","decl":{"start":{"line":82,"column":23},"end":{"line":82,"column":24}},"loc":{"start":{"line":82,"column":30},"end":{"line":84,"column":3}},"line":82},"4":{"name":"(anonymous_4)","decl":{"start":{"line":106,"column":53},"end":{"line":106,"column":54}},"loc":{"start":{"line":106,"column":59},"end":{"line":106,"column":71}},"line":106}},"branchMap":{"0":{"loc":{"start":{"line":35,"column":4},"end":{"line":44,"column":5}},"type":"if","locations":[{"start":{"line":35,"column":4},"end":{"line":44,"column":5}},{"start":{},"end":{}}],"line":35},"1":{"loc":{"start":{"line":37,"column":12},"end":{"line":37,"column":25}},"type":"binary-expr","locations":[{"start":{"line":37,"column":12},"end":{"line":37,"column":19}},{"start":{"line":37,"column":23},"end":{"line":37,"column":25}}],"line":37},"2":{"loc":{"start":{"line":38,"column":25},"end":{"line":38,"column":51}},"type":"binary-expr","locations":[{"start":{"line":38,"column":25},"end":{"line":38,"column":45}},{"start":{"line":38,"column":49},"end":{"line":38,"column":51}}],"line":38},"3":{"loc":{"start":{"line":39,"column":24},"end":{"line":39,"column":49}},"type":"binary-expr","locations":[{"start":{"line":39,"column":24},"end":{"line":39,"column":43}},{"start":{"line":39,"column":47},"end":{"line":39,"column":49}}],"line":39},"4":{"loc":{"start":{"line":40,"column":28},"end":{"line":40,"column":57}},"type":"binary-expr","locations":[{"start":{"line":40,"column":28},"end":{"line":40,"column":51}},{"start":{"line":40,"column":55},"end":{"line":40,"column":57}}],"line":40},"5":{"loc":{"start":{"line":49,"column":4},"end":{"line":52,"column":5}},"type":"if","locations":[{"start":{"line":49,"column":4},"end":{"line":52,"column":5}},{"start":{},"end":{}}],"line":49},"6":{"loc":{"start":{"line":55,"column":6},"end":{"line":57,"column":7}},"type":"if","locations":[{"start":{"line":55,"column":6},"end":{"line":57,"column":7}},{"start":{},"end":{}}],"line":55},"7":{"loc":{"start":{"line":71,"column":20},"end":{"line":71,"column":70}},"type":"binary-expr","locations":[{"start":{"line":71,"column":20},"end":{"line":71,"column":42}},{"start":{"line":71,"column":46},"end":{"line":71,"column":70}}],"line":71},"8":{"loc":{"start":{"line":77,"column":37},"end":{"line":77,"column":79}},"type":"binary-expr","locations":[{"start":{"line":77,"column":37},"end":{"line":77,"column":50}},{"start":{"line":77,"column":54},"end":{"line":77,"column":79}}],"line":77},"9":{"loc":{"start":{"line":78,"column":42},"end":{"line":78,"column":78}},"type":"binary-expr","locations":[{"start":{"line":78,"column":42},"end":{"line":78,"column":55}},{"start":{"line":78,"column":59},"end":{"line":78,"column":78}}],"line":78}},"s":{"0":0,"1":0,"2":0,"3":0,"4":0,"5":0,"6":0,"7":0,"8":0,"9":0,"10":0,"11":0,"12":0,"13":0,"14":0,"15":0,"16":0,"17":0,"18":0,"19":0,"20":0,"21":0,"22":0,"23":0,"24":0,"25":0,"26":0,"27":0},"f":{"0":0,"1":0,"2":0,"3":0,"4":0},"b":{"0":[0,0],"1":[0,0],"2":[0,0],"3":[0,0],"4":[0,0],"5":[0,0],"6":[0,0],"7":[0,0],"8":[0,0],"9":[0,0]}}
,"C:\\Users\\eloy\\Desktop\\tfg\\game-security-project\\gi\\Game_security_frontend\\src\\pages\\topComponent.js": {"path":"C:\\Users\\eloy\\Desktop\\tfg\\game-security-project\\gi\\Game_security_frontend\\src\\pages\\topComponent.js","statementMap":{"0":{"start":{"line":9,"column":19},"end":{"line":81,"column":1}},"1":{"start":{"line":10,"column":32},"end":{"line":10,"column":44}},"2":{"start":{"line":11,"column":32},"end":{"line":11,"column":46}},"3":{"start":{"line":12,"column":19},"end":{"line":12,"column":42}},"4":{"start":{"line":13,"column":19},"end":{"line":13,"column":32}},"5":{"start":{"line":15,"column":2},"end":{"line":30,"column":9}},"6":{"start":{"line":16,"column":28},"end":{"line":27,"column":5}},"7":{"start":{"line":17,"column":6},"end":{"line":26,"column":7}},"8":{"start":{"line":18,"column":25},"end":{"line":18,"column":73}},"9":{"start":{"line":20,"column":30},"end":{"line":20,"column":83}},"10":{"start":{"line":20,"column":59},"end":{"line":20,"column":82}},"11":{"start":{"line":21,"column":8},"end":{"line":21,"column":34}},"12":{"start":{"line":23,"column":8},"end":{"line":23,"column":60}},"13":{"start":{"line":25,"column":8},"end":{"line":25,"column":26}},"14":{"start":{"line":29,"column":4},"end":{"line":29,"column":22}},"15":{"start":{"line":32,"column":2},"end":{"line":34,"column":3}},"16":{"start":{"line":33,"column":4},"end":{"line":33,"column":32}},"17":{"start":{"line":37,"column":27},"end":{"line":37,"column":112}},"18":{"start":{"line":37,"column":50},"end":{"line":37,"column":96}},"19":{"start":{"line":39,"column":2},"end":{"line":80,"column":4}},"20":{"start":{"line":43,"column":51},"end":{"line":43,"column":63}},"21":{"start":{"line":59,"column":14},"end":{"line":63,"column":25}}},"fnMap":{"0":{"name":"(anonymous_0)","decl":{"start":{"line":9,"column":19},"end":{"line":9,"column":20}},"loc":{"start":{"line":9,"column":25},"end":{"line":81,"column":1}},"line":9},"1":{"name":"(anonymous_1)","decl":{"start":{"line":15,"column":12},"end":{"line":15,"column":13}},"loc":{"start":{"line":15,"column":18},"end":{"line":30,"column":3}},"line":15},"2":{"name":"(anonymous_2)","decl":{"start":{"line":16,"column":28},"end":{"line":16,"column":29}},"loc":{"start":{"line":16,"column":40},"end":{"line":27,"column":5}},"line":16},"3":{"name":"(anonymous_3)","decl":{"start":{"line":20,"column":49},"end":{"line":20,"column":50}},"loc":{"start":{"line":20,"column":59},"end":{"line":20,"column":82}},"line":20},"4":{"name":"(anonymous_4)","decl":{"start":{"line":37,"column":40},"end":{"line":37,"column":41}},"loc":{"start":{"line":37,"column":50},"end":{"line":37,"column":96}},"line":37},"5":{"name":"(anonymous_5)","decl":{"start":{"line":43,"column":45},"end":{"line":43,"column":46}},"loc":{"start":{"line":43,"column":51},"end":{"line":43,"column":63}},"line":43},"6":{"name":"(anonymous_6)","decl":{"start":{"line":58,"column":25},"end":{"line":58,"column":26}},"loc":{"start":{"line":59,"column":14},"end":{"line":63,"column":25}},"line":59}},"branchMap":{"0":{"loc":{"start":{"line":32,"column":2},"end":{"line":34,"column":3}},"type":"if","locations":[{"start":{"line":32,"column":2},"end":{"line":34,"column":3}},{"start":{},"end":{}}],"line":32},"1":{"loc":{"start":{"line":37,"column":27},"end":{"line":37,"column":112}},"type":"binary-expr","locations":[{"start":{"line":37,"column":27},"end":{"line":37,"column":107}},{"start":{"line":37,"column":111},"end":{"line":37,"column":112}}],"line":37}},"s":{"0":1,"1":5,"2":4,"3":4,"4":4,"5":4,"6":2,"7":2,"8":2,"9":2,"10":4,"11":2,"12":0,"13":2,"14":2,"15":4,"16":2,"17":2,"18":2,"19":2,"20":0,"21":6},"f":{"0":5,"1":2,"2":2,"3":4,"4":2,"5":0,"6":6},"b":{"0":[2,2],"1":[2,0]},"_coverageSchema":"1a1c01bbd47fc00a2c39e90264f33305004495a9","hash":"34bdffed895663a55875e5a255bef0d377783dcd"}
,"C:\\Users\\eloy\\Desktop\\tfg\\game-security-project\\gi\\Game_security_frontend\\src\\pages\\userList.js": {"path":"C:\\Users\\eloy\\Desktop\\tfg\\game-security-project\\gi\\Game_security_frontend\\src\\pages\\userList.js","statementMap":{"0":{"start":{"line":12,"column":17},"end":{"line":121,"column":1}},"1":{"start":{"line":13,"column":28},"end":{"line":13,"column":40}},"2":{"start":{"line":14,"column":32},"end":{"line":14,"column":46}},"3":{"start":{"line":15,"column":19},"end":{"line":15,"column":42}},"4":{"start":{"line":16,"column":19},"end":{"line":16,"column":32}},"5":{"start":{"line":18,"column":2},"end":{"line":44,"column":23}},"6":{"start":{"line":19,"column":4},"end":{"line":22,"column":5}},"7":{"start":{"line":20,"column":6},"end":{"line":20,"column":25}},"8":{"start":{"line":21,"column":6},"end":{"line":21,"column":13}},"9":{"start":{"line":24,"column":23},"end":{"line":41,"column":5}},"10":{"start":{"line":25,"column":6},"end":{"line":29,"column":7}},"11":{"start":{"line":26,"column":8},"end":{"line":26,"column":40}},"12":{"start":{"line":27,"column":8},"end":{"line":27,"column":26}},"13":{"start":{"line":28,"column":8},"end":{"line":28,"column":15}},"14":{"start":{"line":31,"column":6},"end":{"line":40,"column":7}},"15":{"start":{"line":32,"column":25},"end":{"line":34,"column":10}},"16":{"start":{"line":35,"column":8},"end":{"line":35,"column":32}},"17":{"start":{"line":37,"column":8},"end":{"line":37,"column":54}},"18":{"start":{"line":39,"column":8},"end":{"line":39,"column":26}},"19":{"start":{"line":43,"column":4},"end":{"line":43,"column":17}},"20":{"start":{"line":46,"column":21},"end":{"line":48,"column":3}},"21":{"start":{"line":47,"column":4},"end":{"line":47,"column":33}},"22":{"start":{"line":50,"column":23},"end":{"line":59,"column":3}},"23":{"start":{"line":51,"column":4},"end":{"line":58,"column":5}},"24":{"start":{"line":52,"column":6},"end":{"line":54,"column":9}},"25":{"start":{"line":55,"column":6},"end":{"line":55,"column":63}},"26":{"start":{"line":55,"column":38},"end":{"line":55,"column":60}},"27":{"start":{"line":57,"column":6},"end":{"line":57,"column":51}},"28":{"start":{"line":61,"column":32},"end":{"line":63,"column":3}},"29":{"start":{"line":62,"column":4},"end":{"line":62,"column":32}},"30":{"start":{"line":65,"column":2},"end":{"line":67,"column":3}},"31":{"start":{"line":66,"column":4},"end":{"line":66,"column":32}},"32":{"start":{"line":69,"column":2},"end":{"line":120,"column":4}},"33":{"start":{"line":73,"column":49},"end":{"line":73,"column":61}},"34":{"start":{"line":105,"column":14},"end":{"line":114,"column":25}},"35":{"start":{"line":111,"column":45},"end":{"line":111,"column":72}},"36":{"start":{"line":112,"column":45},"end":{"line":112,"column":74}}},"fnMap":{"0":{"name":"(anonymous_0)","decl":{"start":{"line":12,"column":17},"end":{"line":12,"column":18}},"loc":{"start":{"line":12,"column":23},"end":{"line":121,"column":1}},"line":12},"1":{"name":"(anonymous_1)","decl":{"start":{"line":18,"column":12},"end":{"line":18,"column":13}},"loc":{"start":{"line":18,"column":18},"end":{"line":44,"column":3}},"line":18},"2":{"name":"(anonymous_2)","decl":{"start":{"line":24,"column":23},"end":{"line":24,"column":24}},"loc":{"start":{"line":24,"column":35},"end":{"line":41,"column":5}},"line":24},"3":{"name":"(anonymous_3)","decl":{"start":{"line":46,"column":21},"end":{"line":46,"column":22}},"loc":{"start":{"line":46,"column":29},"end":{"line":48,"column":3}},"line":46},"4":{"name":"(anonymous_4)","decl":{"start":{"line":50,"column":23},"end":{"line":50,"column":24}},"loc":{"start":{"line":50,"column":37},"end":{"line":59,"column":3}},"line":50},"5":{"name":"(anonymous_5)","decl":{"start":{"line":55,"column":28},"end":{"line":55,"column":29}},"loc":{"start":{"line":55,"column":38},"end":{"line":55,"column":60}},"line":55},"6":{"name":"(anonymous_6)","decl":{"start":{"line":61,"column":32},"end":{"line":61,"column":33}},"loc":{"start":{"line":61,"column":38},"end":{"line":63,"column":3}},"line":61},"7":{"name":"(anonymous_7)","decl":{"start":{"line":73,"column":43},"end":{"line":73,"column":44}},"loc":{"start":{"line":73,"column":49},"end":{"line":73,"column":61}},"line":73},"8":{"name":"(anonymous_8)","decl":{"start":{"line":104,"column":23},"end":{"line":104,"column":24}},"loc":{"start":{"line":105,"column":14},"end":{"line":114,"column":25}},"line":105},"9":{"name":"(anonymous_9)","decl":{"start":{"line":111,"column":39},"end":{"line":111,"column":40}},"loc":{"start":{"line":111,"column":45},"end":{"line":111,"column":72}},"line":111},"10":{"name":"(anonymous_10)","decl":{"start":{"line":112,"column":39},"end":{"line":112,"column":40}},"loc":{"start":{"line":112,"column":45},"end":{"line":112,"column":74}},"line":112}},"branchMap":{"0":{"loc":{"start":{"line":19,"column":4},"end":{"line":22,"column":5}},"type":"if","locations":[{"start":{"line":19,"column":4},"end":{"line":22,"column":5}},{"start":{},"end":{}}],"line":19},"1":{"loc":{"start":{"line":19,"column":8},"end":{"line":19,"column":34}},"type":"binary-expr","locations":[{"start":{"line":19,"column":8},"end":{"line":19,"column":13}},{"start":{"line":19,"column":17},"end":{"line":19,"column":34}}],"line":19},"2":{"loc":{"start":{"line":25,"column":6},"end":{"line":29,"column":7}},"type":"if","locations":[{"start":{"line":25,"column":6},"end":{"line":29,"column":7}},{"start":{},"end":{}}],"line":25},"3":{"loc":{"start":{"line":65,"column":2},"end":{"line":67,"column":3}},"type":"if","locations":[{"start":{"line":65,"column":2},"end":{"line":67,"column":3}},{"start":{},"end":{}}],"line":65}},"s":{"0":0,"1":0,"2":0,"3":0,"4":0,"5":0,"6":0,"7":0,"8":0,"9":0,"10":0,"11":0,"12":0,"13":0,"14":0,"15":0,"16":0,"17":0,"18":0,"19":0,"20":0,"21":0,"22":0,"23":0,"24":0,"25":0,"26":0,"27":0,"28":0,"29":0,"30":0,"31":0,"32":0,"33":0,"34":0,"35":0,"36":0},"f":{"0":0,"1":0,"2":0,"3":0,"4":0,"5":0,"6":0,"7":0,"8":0,"9":0,"10":0},"b":{"0":[0,0],"1":[0,0],"2":[0,0],"3":[0,0]}}
,"C:\\Users\\eloy\\Desktop\\tfg\\game-security-project\\gi\\Game_security_frontend\\src\\services\\authServices.js": {"path":"C:\\Users\\eloy\\Desktop\\tfg\\game-security-project\\gi\\Game_security_frontend\\src\\services\\authServices.js","statementMap":{"0":{"start":{"line":3,"column":16},"end":{"line":3,"column":50}},"1":{"start":{"line":5,"column":17},"end":{"line":7,"column":1}},"2":{"start":{"line":6,"column":2},"end":{"line":6,"column":137}},"3":{"start":{"line":9,"column":14},"end":{"line":17,"column":1}},"4":{"start":{"line":10,"column":2},"end":{"line":16,"column":7}},"5":{"start":{"line":12,"column":6},"end":{"line":14,"column":7}},"6":{"start":{"line":13,"column":8},"end":{"line":13,"column":68}},"7":{"start":{"line":15,"column":6},"end":{"line":15,"column":27}},"8":{"start":{"line":19,"column":15},"end":{"line":21,"column":1}},"9":{"start":{"line":20,"column":2},"end":{"line":20,"column":34}}},"fnMap":{"0":{"name":"(anonymous_0)","decl":{"start":{"line":5,"column":17},"end":{"line":5,"column":18}},"loc":{"start":{"line":5,"column":112},"end":{"line":7,"column":1}},"line":5},"1":{"name":"(anonymous_1)","decl":{"start":{"line":9,"column":14},"end":{"line":9,"column":15}},"loc":{"start":{"line":9,"column":50},"end":{"line":17,"column":1}},"line":9},"2":{"name":"(anonymous_2)","decl":{"start":{"line":11,"column":10},"end":{"line":11,"column":11}},"loc":{"start":{"line":11,"column":22},"end":{"line":16,"column":5}},"line":11},"3":{"name":"(anonymous_3)","decl":{"start":{"line":19,"column":15},"end":{"line":19,"column":16}},"loc":{"start":{"line":19,"column":21},"end":{"line":21,"column":1}},"line":19}},"branchMap":{"0":{"loc":{"start":{"line":12,"column":6},"end":{"line":14,"column":7}},"type":"if","locations":[{"start":{"line":12,"column":6},"end":{"line":14,"column":7}},{"start":{},"end":{}}],"line":12}},"s":{"0":0,"1":0,"2":0,"3":0,"4":0,"5":0,"6":0,"7":0,"8":0,"9":0},"f":{"0":0,"1":0,"2":0,"3":0},"b":{"0":[0,0]}}
}
