TN:
SF:src\App.js
FN:34,App
FNF:1
FNH:0
FNDA:0,App
DA:24,0
DA:35,0
LF:2
LH:0
BRF:0
BRH:0
end_of_record
TN:
SF:src\index.js
FNF:0
FNH:0
DA:8,0
DA:11,0
DA:14,0
LF:3
LH:0
BRF:0
BRH:0
end_of_record
TN:
SF:src\components\ProductHero.tsx
FN:10,ProductHero
FNF:1
FNH:1
FNDA:3,ProductHero
DA:11,3
DA:12,3
DA:15,3
LF:3
LH:3
BRDA:30,0,0,1
BRDA:30,0,1,2
BRF:2
BRH:2
end_of_record
TN:
SF:src\components\ProductHeroLayout.tsx
FN:7,(anonymous_0)
FN:34,ProductHeroLayout
FNF:2
FNH:2
FNDA:4,(anonymous_0)
FNDA:4,ProductHeroLayout
DA:7,4
DA:19,2
DA:37,4
DA:39,4
LF:4
LH:4
BRF:0
BRH:0
end_of_record
TN:
SF:src\components\header.tsx
FN:19,ButtonAppBar
FN:24,(anonymous_1)
FN:29,(anonymous_2)
FN:33,(anonymous_3)
FN:37,(anonymous_4)
FN:42,(anonymous_5)
FN:45,(anonymous_6)
FN:68,(anonymous_7)
FN:111,(anonymous_8)
FN:118,(anonymous_9)
FNF:10
FNH:7
FNDA:75,ButtonAppBar
FNDA:1,(anonymous_1)
FNDA:3,(anonymous_2)
FNDA:4,(anonymous_3)
FNDA:1,(anonymous_4)
FNDA:73,(anonymous_5)
FNDA:22,(anonymous_6)
FNDA:0,(anonymous_7)
FNDA:0,(anonymous_8)
FNDA:0,(anonymous_9)
DA:20,75
DA:21,75
DA:22,75
DA:24,75
DA:25,1
DA:26,1
DA:29,75
DA:30,3
DA:33,75
DA:34,4
DA:37,75
DA:38,1
DA:39,1
DA:42,75
DA:43,73
DA:44,12
DA:45,22
DA:46,12
DA:49,75
DA:68,0
DA:111,0
DA:118,0
LF:22
LH:19
BRDA:43,0,0,61
BRDA:43,0,1,12
BRDA:53,1,0,75
BRDA:53,1,1,73
BRDA:84,2,0,73
BRDA:84,2,1,2
BRDA:110,3,0,75
BRDA:110,3,1,2
BRF:8
BRH:8
end_of_record
TN:
SF:src\components\netComponet.js
FN:6,(anonymous_0)
FN:9,(anonymous_1)
FNF:2
FNH:2
FNDA:17,(anonymous_0)
FNDA:5,(anonymous_1)
DA:6,2
DA:7,17
DA:9,17
DA:10,5
DA:25,17
LF:5
LH:5
BRF:0
BRH:0
end_of_record
TN:
SF:src\context\authContext.js
FN:6,(anonymous_0)
FN:10,(anonymous_1)
FN:27,(anonymous_2)
FN:43,(anonymous_3)
FN:59,(anonymous_4)
FN:65,(anonymous_5)
FNF:6
FNH:6
FNDA:14,(anonymous_0)
FNDA:5,(anonymous_1)
FNDA:1,(anonymous_2)
FNDA:1,(anonymous_3)
FNDA:1,(anonymous_4)
FNDA:1,(anonymous_5)
DA:4,13
DA:6,13
DA:7,14
DA:8,14
DA:10,14
DA:11,5
DA:12,5
DA:14,5
DA:15,3
DA:16,3
DA:17,3
DA:19,0
DA:20,0
DA:21,0
DA:24,5
DA:27,14
DA:28,1
DA:29,1
DA:30,1
DA:32,1
DA:33,1
DA:34,1
DA:35,1
DA:38,0
DA:39,0
DA:43,14
DA:44,1
DA:45,1
DA:46,1
DA:48,1
DA:49,1
DA:50,1
DA:51,1
DA:54,0
DA:55,0
DA:59,14
DA:60,1
DA:61,1
DA:62,1
DA:65,14
DA:66,1
DA:67,1
DA:72,1
DA:73,1
DA:74,1
DA:75,1
DA:77,0
DA:78,0
DA:82,14
LF:49
LH:40
BRDA:14,0,0,3
BRDA:14,0,1,2
BRDA:14,1,0,5
BRDA:14,1,1,3
BRDA:32,2,0,1
BRDA:32,2,1,0
BRDA:48,3,0,1
BRDA:48,3,1,0
BRDA:78,4,0,0
BRDA:78,4,1,0
BRF:10
BRH:6
end_of_record
TN:
SF:src\pages\Home.js
FN:9,(anonymous_0)
FNF:1
FNH:0
FNDA:0,(anonymous_0)
DA:9,0
DA:10,0
DA:11,0
DA:14,0
LF:4
LH:0
BRF:0
BRH:0
end_of_record
TN:
SF:src\pages\Login.js
FN:21,Copyright
FN:36,SignInSide
FN:42,(anonymous_2)
FN:84,(anonymous_3)
FN:108,(anonymous_4)
FN:148,(anonymous_5)
FNF:6
FNH:5
FNDA:4,Copyright
FNDA:4,SignInSide
FNDA:1,(anonymous_2)
FNDA:0,(anonymous_3)
FNDA:1,(anonymous_4)
FNDA:1,(anonymous_5)
DA:22,4
DA:34,1
DA:37,4
DA:38,4
DA:39,4
DA:40,4
DA:42,4
DA:43,1
DA:44,1
DA:45,1
DA:46,1
DA:48,0
DA:49,0
DA:53,4
DA:84,0
DA:108,1
DA:148,1
LF:17
LH:14
BRDA:48,0,0,0
BRDA:48,0,1,0
BRDA:49,1,0,0
BRDA:49,1,1,0
BRF:4
BRH:0
end_of_record
TN:
SF:src\pages\PhaseDetails.js
FN:9,(anonymous_0)
FN:15,(anonymous_1)
FN:16,(anonymous_2)
FN:30,(anonymous_3)
FN:46,(anonymous_4)
FN:53,(anonymous_5)
FNF:6
FNH:6
FNDA:8,(anonymous_0)
FNDA:4,(anonymous_1)
FNDA:4,(anonymous_2)
FNDA:2,(anonymous_3)
FNDA:1,(anonymous_4)
FNDA:2,(anonymous_5)
DA:9,1
DA:10,8
DA:11,8
DA:12,7
DA:13,7
DA:15,7
DA:16,4
DA:17,4
DA:18,4
DA:19,2
DA:21,2
DA:23,4
DA:27,4
DA:30,7
DA:31,2
DA:34,7
DA:35,4
DA:38,3
DA:39,1
DA:42,2
DA:46,1
DA:54,2
LF:22
LH:22
BRDA:34,0,0,4
BRDA:34,0,1,3
BRDA:38,1,0,1
BRDA:38,1,1,2
BRF:4
BRH:4
end_of_record
TN:
SF:src\pages\PhaseList.js
FN:7,(anonymous_0)
FN:12,(anonymous_1)
FN:13,(anonymous_2)
FN:35,(anonymous_3)
FN:42,(anonymous_4)
FN:47,(anonymous_5)
FNF:6
FNH:6
FNDA:10,(anonymous_0)
FNDA:5,(anonymous_1)
FNDA:5,(anonymous_2)
FNDA:1,(anonymous_3)
FNDA:6,(anonymous_4)
FNDA:1,(anonymous_5)
DA:7,1
DA:8,10
DA:9,9
DA:10,9
DA:12,9
DA:13,5
DA:14,5
DA:15,5
DA:16,3
DA:18,2
DA:20,5
DA:24,5
DA:27,9
DA:28,5
DA:31,4
DA:35,1
DA:43,6
DA:47,1
LF:18
LH:18
BRDA:27,0,0,5
BRDA:27,0,1,4
BRF:2
BRH:2
end_of_record
TN:
SF:src\pages\Register.js
FN:22,Copyright
FN:37,SignUp
FN:49,(anonymous_2)
FN:60,(anonymous_3)
FN:84,(anonymous_4)
FNF:5
FNH:4
FNDA:13,Copyright
FNDA:13,SignUp
FNDA:2,(anonymous_2)
FNDA:10,(anonymous_3)
FNDA:0,(anonymous_4)
DA:23,13
DA:35,1
DA:38,13
DA:39,13
DA:41,13
DA:49,13
DA:50,2
DA:51,2
DA:52,2
DA:53,1
DA:55,1
DA:56,1
DA:60,13
DA:61,10
DA:64,13
DA:84,0
LF:16
LH:15
BRDA:55,0,0,1
BRDA:55,0,1,0
BRDA:56,1,0,1
BRDA:56,1,1,0
BRF:4
BRH:2
end_of_record
TN:
SF:src\pages\challengeDetail.js
FN:35,Transition
FN:39,(anonymous_1)
FN:68,(anonymous_2)
FN:69,(anonymous_3)
FN:78,(anonymous_4)
FN:93,(anonymous_5)
FN:95,(anonymous_6)
FN:96,(anonymous_7)
FN:105,(anonymous_8)
FN:109,(anonymous_9)
FN:110,(anonymous_10)
FN:111,(anonymous_11)
FN:115,(anonymous_12)
FN:118,(anonymous_13)
FN:130,(anonymous_14)
FN:142,(anonymous_15)
FN:164,(anonymous_16)
FN:166,(anonymous_17)
FN:172,(anonymous_18)
FN:176,(anonymous_19)
FN:189,(anonymous_20)
FN:193,(anonymous_21)
FN:199,(anonymous_22)
FN:206,(anonymous_23)
FN:218,(anonymous_24)
FN:222,(anonymous_25)
FN:228,(anonymous_26)
FN:245,(anonymous_27)
FN:304,(anonymous_28)
FN:333,(anonymous_29)
FN:347,(anonymous_30)
FN:400,(anonymous_31)
FN:560,shuffleArray
FN:561,(anonymous_33)
FNF:34
FNH:15
FNDA:9,Transition
FNDA:11,(anonymous_1)
FNDA:3,(anonymous_2)
FNDA:3,(anonymous_3)
FNDA:3,(anonymous_4)
FNDA:3,(anonymous_5)
FNDA:0,(anonymous_6)
FNDA:0,(anonymous_7)
FNDA:3,(anonymous_8)
FNDA:3,(anonymous_9)
FNDA:0,(anonymous_10)
FNDA:0,(anonymous_11)
FNDA:3,(anonymous_12)
FNDA:1,(anonymous_13)
FNDA:0,(anonymous_14)
FNDA:1,(anonymous_15)
FNDA:0,(anonymous_16)
FNDA:0,(anonymous_17)
FNDA:0,(anonymous_18)
FNDA:0,(anonymous_19)
FNDA:0,(anonymous_20)
FNDA:0,(anonymous_21)
FNDA:0,(anonymous_22)
FNDA:0,(anonymous_23)
FNDA:0,(anonymous_24)
FNDA:0,(anonymous_25)
FNDA:0,(anonymous_26)
FNDA:0,(anonymous_27)
FNDA:1,(anonymous_28)
FNDA:9,(anonymous_29)
FNDA:0,(anonymous_30)
FNDA:0,(anonymous_31)
FNDA:1,shuffleArray
FNDA:4,(anonymous_33)
DA:35,1
DA:36,9
DA:39,1
DA:40,11
DA:41,11
DA:42,10
DA:43,10
DA:44,10
DA:45,10
DA:46,10
DA:47,10
DA:48,10
DA:49,10
DA:50,10
DA:51,10
DA:52,10
DA:53,10
DA:54,10
DA:55,10
DA:56,10
DA:59,10
DA:60,10
DA:61,10
DA:64,10
DA:65,10
DA:66,10
DA:68,10
DA:69,3
DA:70,3
DA:71,3
DA:74,1
DA:77,1
DA:78,3
DA:79,1
DA:80,1
DA:81,1
DA:84,2
DA:86,3
DA:90,3
DA:93,10
DA:94,3
DA:95,3
DA:96,0
DA:97,0
DA:98,0
DA:99,0
DA:100,0
DA:102,0
DA:105,3
DA:109,10
DA:110,3
DA:111,0
DA:113,3
DA:115,3
DA:118,10
DA:119,1
DA:120,1
DA:121,1
DA:122,1
DA:123,1
DA:125,0
DA:128,0
DA:130,0
DA:132,0
DA:133,0
DA:134,0
DA:135,0
DA:137,0
DA:142,10
DA:143,1
DA:144,1
DA:145,1
DA:147,1
DA:156,1
DA:157,1
DA:158,0
DA:160,1
DA:164,10
DA:165,0
DA:166,0
DA:167,0
DA:168,0
DA:172,10
DA:173,0
DA:176,10
DA:177,0
DA:178,0
DA:181,0
DA:182,0
DA:184,0
DA:186,0
DA:189,10
DA:190,0
DA:193,10
DA:194,0
DA:195,0
DA:199,10
DA:200,0
DA:201,0
DA:206,10
DA:207,0
DA:208,0
DA:211,0
DA:212,0
DA:214,0
DA:218,10
DA:219,0
DA:222,10
DA:223,0
DA:224,0
DA:228,10
DA:229,0
DA:230,0
DA:234,10
DA:235,6
DA:238,4
DA:239,1
DA:242,3
DA:245,0
DA:304,1
DA:334,9
DA:347,0
DA:401,0
DA:561,4
LF:124
LH:79
BRDA:77,0,0,1
BRDA:77,0,1,0
BRDA:94,1,0,3
BRDA:94,1,1,0
BRDA:97,2,0,0
BRDA:97,2,1,0
BRDA:119,3,0,1
BRDA:119,3,1,0
BRDA:120,4,0,1
BRDA:120,4,1,0
BRDA:132,5,0,0
BRDA:132,5,1,0
BRDA:165,6,0,0
BRDA:165,6,1,0
BRDA:165,7,0,0
BRDA:165,7,1,0
BRDA:194,8,0,0
BRDA:194,8,1,0
BRDA:200,9,0,0
BRDA:200,9,1,0
BRDA:223,10,0,0
BRDA:223,10,1,0
BRDA:229,11,0,0
BRDA:229,11,1,0
BRDA:234,12,0,6
BRDA:234,12,1,4
BRDA:238,13,0,1
BRDA:238,13,1,3
BRDA:267,14,0,3
BRDA:267,14,1,0
BRDA:383,15,0,3
BRDA:383,15,1,1
BRDA:405,16,0,0
BRDA:405,16,1,0
BRDA:408,17,0,0
BRDA:408,17,1,0
BRDA:411,18,0,0
BRDA:411,18,1,0
BRDA:411,19,0,0
BRDA:411,19,1,0
BRDA:422,20,0,3
BRDA:422,20,1,3
BRDA:429,21,0,0
BRDA:429,21,1,3
BRDA:434,22,0,0
BRDA:434,22,1,3
BRDA:435,23,0,0
BRDA:435,23,1,3
BRDA:436,24,0,0
BRDA:436,24,1,3
BRDA:442,25,0,0
BRDA:442,25,1,3
BRF:52
BRH:18
end_of_record
TN:
SF:src\pages\createChallenge.js
FN:23,(anonymous_0)
FN:39,(anonymous_1)
FN:40,(anonymous_2)
FN:57,(anonymous_3)
FN:65,(anonymous_4)
FN:72,(anonymous_5)
FN:73,(anonymous_6)
FN:80,(anonymous_7)
FN:81,(anonymous_8)
FN:88,(anonymous_9)
FN:95,(anonymous_10)
FN:96,(anonymous_11)
FN:103,(anonymous_12)
FN:104,(anonymous_13)
FN:111,(anonymous_14)
FN:118,(anonymous_15)
FN:119,(anonymous_16)
FN:126,(anonymous_17)
FN:127,(anonymous_18)
FN:134,(anonymous_19)
FN:155,(anonymous_20)
FN:321,(anonymous_21)
FN:332,(anonymous_22)
FN:337,(anonymous_23)
FN:370,(anonymous_24)
FN:389,(anonymous_25)
FN:394,(anonymous_26)
FN:427,(anonymous_27)
FN:446,(anonymous_28)
FN:451,(anonymous_29)
FN:484,(anonymous_30)
FNF:31
FNH:30
FNDA:34,(anonymous_0)
FNDA:8,(anonymous_1)
FNDA:8,(anonymous_2)
FNDA:8,(anonymous_3)
FNDA:1,(anonymous_4)
FNDA:1,(anonymous_5)
FNDA:1,(anonymous_6)
FNDA:1,(anonymous_7)
FNDA:1,(anonymous_8)
FNDA:1,(anonymous_9)
FNDA:1,(anonymous_10)
FNDA:1,(anonymous_11)
FNDA:1,(anonymous_12)
FNDA:1,(anonymous_13)
FNDA:1,(anonymous_14)
FNDA:1,(anonymous_15)
FNDA:1,(anonymous_16)
FNDA:1,(anonymous_17)
FNDA:1,(anonymous_18)
FNDA:2,(anonymous_19)
FNDA:0,(anonymous_20)
FNDA:24,(anonymous_21)
FNDA:2,(anonymous_22)
FNDA:1,(anonymous_23)
FNDA:1,(anonymous_24)
FNDA:2,(anonymous_25)
FNDA:1,(anonymous_26)
FNDA:1,(anonymous_27)
FNDA:2,(anonymous_28)
FNDA:1,(anonymous_29)
FNDA:1,(anonymous_30)
DA:23,1
DA:24,34
DA:25,33
DA:26,33
DA:35,33
DA:36,33
DA:37,33
DA:39,33
DA:40,8
DA:41,8
DA:42,8
DA:45,6
DA:47,2
DA:48,2
DA:50,8
DA:54,8
DA:57,33
DA:58,8
DA:59,8
DA:65,33
DA:66,1
DA:72,33
DA:73,1
DA:74,1
DA:80,33
DA:81,1
DA:82,1
DA:88,33
DA:89,1
DA:95,33
DA:96,1
DA:97,1
DA:103,33
DA:104,1
DA:105,1
DA:111,33
DA:112,1
DA:118,33
DA:119,1
DA:120,1
DA:126,33
DA:127,1
DA:128,1
DA:134,33
DA:135,2
DA:136,2
DA:137,2
DA:140,1
DA:142,2
DA:143,2
DA:147,33
DA:148,8
DA:151,25
DA:155,0
DA:322,24
DA:333,2
DA:337,1
DA:370,1
DA:390,2
DA:394,1
DA:427,1
DA:447,2
DA:451,1
DA:484,1
LF:64
LH:63
BRDA:73,0,0,1
BRDA:73,0,1,0
BRDA:96,1,0,1
BRDA:96,1,1,0
BRDA:119,2,0,1
BRDA:119,2,1,0
BRDA:147,3,0,8
BRDA:147,3,1,25
BRDA:161,4,0,25
BRDA:161,4,1,2
BRF:10
BRH:7
end_of_record
TN:
SF:src\pages\desafioList.js
FN:12,(anonymous_0)
FN:18,(anonymous_1)
FN:24,(anonymous_2)
FN:46,(anonymous_3)
FN:50,(anonymous_4)
FN:55,(anonymous_5)
FN:61,(anonymous_6)
FN:74,(anonymous_7)
FN:86,(anonymous_8)
FN:102,(anonymous_9)
FN:103,(anonymous_10)
FN:109,(anonymous_11)
FN:125,(anonymous_12)
FN:141,(anonymous_13)
FNF:14
FNH:10
FNDA:5,(anonymous_0)
FNDA:2,(anonymous_1)
FNDA:2,(anonymous_2)
FNDA:0,(anonymous_3)
FNDA:1,(anonymous_4)
FNDA:1,(anonymous_5)
FNDA:0,(anonymous_6)
FNDA:0,(anonymous_7)
FNDA:1,(anonymous_8)
FNDA:0,(anonymous_9)
FNDA:1,(anonymous_10)
FNDA:1,(anonymous_11)
FNDA:1,(anonymous_12)
FNDA:1,(anonymous_13)
DA:12,1
DA:13,5
DA:14,4
DA:15,4
DA:16,4
DA:18,4
DA:19,2
DA:20,0
DA:21,0
DA:24,2
DA:25,2
DA:26,0
DA:27,0
DA:28,0
DA:31,2
DA:32,2
DA:35,1
DA:37,1
DA:39,2
DA:43,2
DA:46,4
DA:47,0
DA:50,4
DA:51,1
DA:52,1
DA:55,1
DA:57,0
DA:61,4
DA:62,0
DA:65,4
DA:66,2
DA:69,2
DA:74,0
DA:87,1
DA:102,0
DA:103,1
DA:110,1
DA:126,1
DA:142,1
LF:39
LH:29
BRDA:19,0,0,0
BRDA:19,0,1,2
BRDA:19,1,0,2
BRDA:19,1,1,2
BRDA:25,2,0,0
BRDA:25,2,1,2
BRDA:65,3,0,2
BRDA:65,3,1,2
BRDA:108,4,0,1
BRDA:108,4,1,0
BRDA:108,5,0,1
BRDA:108,5,1,1
BRDA:124,6,0,1
BRDA:124,6,1,0
BRDA:124,7,0,1
BRDA:124,7,1,1
BRDA:140,8,0,1
BRDA:140,8,1,0
BRDA:140,9,0,1
BRDA:140,9,1,1
BRF:20
BRH:15
end_of_record
TN:
SF:src\pages\editDesafio.js
FN:23,(anonymous_0)
FN:42,(anonymous_1)
FN:43,(anonymous_2)
FN:55,(anonymous_3)
FN:67,(anonymous_4)
FN:68,(anonymous_5)
FN:69,(anonymous_6)
FN:83,(anonymous_7)
FN:91,(anonymous_8)
FN:98,(anonymous_9)
FN:99,(anonymous_10)
FN:106,(anonymous_11)
FN:107,(anonymous_12)
FN:114,(anonymous_13)
FN:121,(anonymous_14)
FN:122,(anonymous_15)
FN:129,(anonymous_16)
FN:130,(anonymous_17)
FN:137,(anonymous_18)
FN:144,(anonymous_19)
FN:145,(anonymous_20)
FN:152,(anonymous_21)
FN:153,(anonymous_22)
FN:160,(anonymous_23)
FN:181,(anonymous_24)
FN:342,(anonymous_25)
FN:353,(anonymous_26)
FN:358,(anonymous_27)
FN:391,(anonymous_28)
FN:410,(anonymous_29)
FN:415,(anonymous_30)
FN:448,(anonymous_31)
FN:467,(anonymous_32)
FN:472,(anonymous_33)
FN:505,(anonymous_34)
FNF:35
FNH:34
FNDA:34,(anonymous_0)
FNDA:8,(anonymous_1)
FNDA:8,(anonymous_2)
FNDA:8,(anonymous_3)
FNDA:3,(anonymous_4)
FNDA:3,(anonymous_5)
FNDA:3,(anonymous_6)
FNDA:8,(anonymous_7)
FNDA:1,(anonymous_8)
FNDA:1,(anonymous_9)
FNDA:1,(anonymous_10)
FNDA:1,(anonymous_11)
FNDA:1,(anonymous_12)
FNDA:1,(anonymous_13)
FNDA:1,(anonymous_14)
FNDA:1,(anonymous_15)
FNDA:1,(anonymous_16)
FNDA:1,(anonymous_17)
FNDA:1,(anonymous_18)
FNDA:1,(anonymous_19)
FNDA:1,(anonymous_20)
FNDA:1,(anonymous_21)
FNDA:1,(anonymous_22)
FNDA:2,(anonymous_23)
FNDA:0,(anonymous_24)
FNDA:48,(anonymous_25)
FNDA:14,(anonymous_26)
FNDA:1,(anonymous_27)
FNDA:1,(anonymous_28)
FNDA:14,(anonymous_29)
FNDA:1,(anonymous_30)
FNDA:1,(anonymous_31)
FNDA:14,(anonymous_32)
FNDA:1,(anonymous_33)
FNDA:1,(anonymous_34)
DA:23,1
DA:24,34
DA:25,34
DA:26,33
DA:27,33
DA:37,33
DA:38,33
DA:39,33
DA:40,33
DA:42,33
DA:43,8
DA:44,8
DA:45,8
DA:48,6
DA:50,2
DA:51,2
DA:55,8
DA:56,8
DA:57,8
DA:60,6
DA:61,6
DA:67,3
DA:68,3
DA:69,3
DA:72,2
DA:73,2
DA:75,8
DA:79,8
DA:80,8
DA:83,33
DA:84,8
DA:85,8
DA:91,33
DA:92,1
DA:98,33
DA:99,1
DA:100,1
DA:106,33
DA:107,1
DA:108,1
DA:114,33
DA:115,1
DA:121,33
DA:122,1
DA:123,1
DA:129,33
DA:130,1
DA:131,1
DA:137,33
DA:138,1
DA:144,33
DA:145,1
DA:146,1
DA:152,33
DA:153,1
DA:154,1
DA:160,33
DA:161,2
DA:162,2
DA:163,2
DA:166,1
DA:168,2
DA:169,2
DA:173,33
DA:174,8
DA:177,25
DA:181,0
DA:343,48
DA:354,14
DA:358,1
DA:391,1
DA:411,14
DA:415,1
DA:448,1
DA:468,14
DA:472,1
DA:505,1
LF:77
LH:76
BRDA:99,0,0,1
BRDA:99,0,1,0
BRDA:122,1,0,1
BRDA:122,1,1,0
BRDA:145,2,0,1
BRDA:145,2,1,0
BRDA:173,3,0,8
BRDA:173,3,1,25
BRDA:187,4,0,25
BRDA:187,4,1,2
BRDA:190,5,0,25
BRDA:190,5,1,24
BRF:12
BRH:9
end_of_record
TN:
SF:src\pages\editUser.js
FN:6,(anonymous_0)
FN:14,(anonymous_1)
FN:15,(anonymous_2)
FN:39,(anonymous_3)
FN:73,(anonymous_4)
FN:80,(anonymous_5)
FNF:6
FNH:4
FNDA:14,(anonymous_0)
FNDA:6,(anonymous_1)
FNDA:6,(anonymous_2)
FNDA:3,(anonymous_3)
FNDA:0,(anonymous_4)
FNDA:0,(anonymous_5)
DA:6,1
DA:7,14
DA:8,14
DA:9,13
DA:10,13
DA:11,13
DA:12,13
DA:14,13
DA:15,6
DA:16,6
DA:17,6
DA:22,4
DA:23,4
DA:29,2
DA:30,2
DA:32,6
DA:36,6
DA:39,13
DA:40,3
DA:41,3
DA:42,1
DA:43,1
DA:45,2
DA:46,2
DA:51,1
DA:53,1
DA:54,1
DA:58,13
DA:59,6
DA:62,7
DA:73,0
DA:80,0
LF:32
LH:30
BRDA:41,0,0,1
BRDA:41,0,1,2
BRDA:41,1,0,3
BRDA:41,1,1,2
BRDA:58,2,0,6
BRDA:58,2,1,7
BRDA:65,3,0,7
BRDA:65,3,1,3
BRDA:68,4,0,7
BRDA:68,4,1,6
BRF:10
BRH:10
end_of_record
TN:
SF:src\pages\profile.js
FN:20,Profile
FN:34,(anonymous_1)
FN:47,(anonymous_2)
FN:82,(anonymous_3)
FN:106,(anonymous_4)
FNF:5
FNH:0
FNDA:0,Profile
FNDA:0,(anonymous_1)
FNDA:0,(anonymous_2)
FNDA:0,(anonymous_3)
FNDA:0,(anonymous_4)
DA:18,0
DA:21,0
DA:23,0
DA:25,0
DA:34,0
DA:35,0
DA:36,0
DA:47,0
DA:48,0
DA:49,0
DA:50,0
DA:51,0
DA:53,0
DA:54,0
DA:55,0
DA:56,0
DA:59,0
DA:65,0
DA:66,0
DA:67,0
DA:69,0
DA:73,0
DA:77,0
DA:78,0
DA:82,0
DA:83,0
DA:86,0
DA:106,0
LF:28
LH:0
BRDA:35,0,0,0
BRDA:35,0,1,0
BRDA:37,1,0,0
BRDA:37,1,1,0
BRDA:38,2,0,0
BRDA:38,2,1,0
BRDA:39,3,0,0
BRDA:39,3,1,0
BRDA:40,4,0,0
BRDA:40,4,1,0
BRDA:49,5,0,0
BRDA:49,5,1,0
BRDA:55,6,0,0
BRDA:55,6,1,0
BRDA:71,7,0,0
BRDA:71,7,1,0
BRDA:77,8,0,0
BRDA:77,8,1,0
BRDA:78,9,0,0
BRDA:78,9,1,0
BRF:20
BRH:0
end_of_record
TN:
SF:src\pages\topComponent.js
FN:9,(anonymous_0)
FN:15,(anonymous_1)
FN:16,(anonymous_2)
FN:20,(anonymous_3)
FN:37,(anonymous_4)
FN:43,(anonymous_5)
FN:58,(anonymous_6)
FNF:7
FNH:6
FNDA:5,(anonymous_0)
FNDA:2,(anonymous_1)
FNDA:2,(anonymous_2)
FNDA:4,(anonymous_3)
FNDA:2,(anonymous_4)
FNDA:0,(anonymous_5)
FNDA:6,(anonymous_6)
DA:9,1
DA:10,5
DA:11,4
DA:12,4
DA:13,4
DA:15,4
DA:16,2
DA:17,2
DA:18,2
DA:20,4
DA:21,2
DA:23,0
DA:25,2
DA:29,2
DA:32,4
DA:33,2
DA:37,2
DA:39,2
DA:43,0
DA:59,6
LF:20
LH:18
BRDA:32,0,0,2
BRDA:32,0,1,2
BRDA:37,1,0,2
BRDA:37,1,1,0
BRF:4
BRH:3
end_of_record
TN:
SF:src\pages\userList.js
FN:12,(anonymous_0)
FN:18,(anonymous_1)
FN:24,(anonymous_2)
FN:46,(anonymous_3)
FN:50,(anonymous_4)
FN:55,(anonymous_5)
FN:61,(anonymous_6)
FN:73,(anonymous_7)
FN:104,(anonymous_8)
FN:111,(anonymous_9)
FN:112,(anonymous_10)
FNF:11
FNH:0
FNDA:0,(anonymous_0)
FNDA:0,(anonymous_1)
FNDA:0,(anonymous_2)
FNDA:0,(anonymous_3)
FNDA:0,(anonymous_4)
FNDA:0,(anonymous_5)
FNDA:0,(anonymous_6)
FNDA:0,(anonymous_7)
FNDA:0,(anonymous_8)
FNDA:0,(anonymous_9)
FNDA:0,(anonymous_10)
DA:12,0
DA:13,0
DA:14,0
DA:15,0
DA:16,0
DA:18,0
DA:19,0
DA:20,0
DA:21,0
DA:24,0
DA:25,0
DA:26,0
DA:27,0
DA:28,0
DA:31,0
DA:32,0
DA:35,0
DA:37,0
DA:39,0
DA:43,0
DA:46,0
DA:47,0
DA:50,0
DA:51,0
DA:52,0
DA:55,0
DA:57,0
DA:61,0
DA:62,0
DA:65,0
DA:66,0
DA:69,0
DA:73,0
DA:105,0
DA:111,0
DA:112,0
LF:36
LH:0
BRDA:19,0,0,0
BRDA:19,0,1,0
BRDA:19,1,0,0
BRDA:19,1,1,0
BRDA:25,2,0,0
BRDA:25,2,1,0
BRDA:65,3,0,0
BRDA:65,3,1,0
BRF:8
BRH:0
end_of_record
TN:
SF:src\services\authServices.js
FN:5,(anonymous_0)
FN:9,(anonymous_1)
FN:11,(anonymous_2)
FN:19,(anonymous_3)
FNF:4
FNH:0
FNDA:0,(anonymous_0)
FNDA:0,(anonymous_1)
FNDA:0,(anonymous_2)
FNDA:0,(anonymous_3)
DA:3,0
DA:5,0
DA:6,0
DA:9,0
DA:10,0
DA:12,0
DA:13,0
DA:15,0
DA:19,0
DA:20,0
LF:10
LH:0
BRDA:12,0,0,0
BRDA:12,0,1,0
BRF:2
BRH:0
end_of_record
